
*** Running vivado
    with args -log sfp28_rx_fifo_0.vds -m64 -product Vivado -mode batch -messageDb vivado.pb -notrace -source sfp28_rx_fifo_0.tcl



****** Vivado v2023.1 (64-bit)
  **** SW Build 3865809 on Sun May  7 15:05:29 MDT 2023
  **** IP Build 3864474 on Sun May  7 20:36:21 MDT 2023
  **** SharedData Build 3865790 on Sun May 07 13:33:03 MDT 2023
    ** Copyright 1986-2022 Xilinx, Inc. All Rights Reserved.
    ** Copyright 2022-2023 Advanced Micro Devices, Inc. All Rights Reserved.

source sfp28_rx_fifo_0.tcl -notrace
create_project: Time (s): cpu = 00:00:09 ; elapsed = 00:00:10 . Memory (MB): peak = 1468.535 ; gain = 160.758
INFO: [IP_Flow 19-6924] IPCACHE: Running cache check for IP inst: sfp28_rx_fifo_0
Command: synth_design -top sfp28_rx_fifo_0 -part xczu28dr-ffvg1517-2-e -incremental_mode off -mode out_of_context
Starting synth_design
Attempting to get a license for feature 'Synthesis' and/or device 'xczu28dr'
INFO: [Common 17-349] Got license for feature 'Synthesis' and/or device 'xczu28dr'
INFO: [Device 21-403] Loading part xczu28dr-ffvg1517-2-e
INFO: [Synth 8-7079] Multithreading enabled for synth_design using a maximum of 2 processes.
INFO: [Synth 8-7078] Launching helper process for spawning children vivado processes
INFO: [Synth 8-7075] Helper process launched with PID 39624
---------------------------------------------------------------------------------
Starting RTL Elaboration : Time (s): cpu = 00:00:07 ; elapsed = 00:00:12 . Memory (MB): peak = 2966.008 ; gain = 364.492
---------------------------------------------------------------------------------
INFO: [Synth 8-6157] synthesizing module 'sfp28_rx_fifo_0' [e:/Kaos_Tech/GitHub/100GBE-PYNQ/ZCU111/vivado/CMAC_SFP28/CMAC_SFP28.gen/sources_1/bd/sfp28/ip/sfp28_rx_fifo_0/synth/sfp28_rx_fifo_0.v:53]
INFO: [Synth 8-6157] synthesizing module 'axis_data_fifo_v2_0_10_top' [e:/Kaos_Tech/GitHub/100GBE-PYNQ/ZCU111/vivado/CMAC_SFP28/CMAC_SFP28.gen/sources_1/bd/sfp28/ipshared/8eca/hdl/axis_data_fifo_v2_0_vl_rfs.v:54]
INFO: [Synth 8-6157] synthesizing module 'axis_infrastructure_v1_1_0_util_aclken_converter_wrapper' [e:/Kaos_Tech/GitHub/100GBE-PYNQ/ZCU111/vivado/CMAC_SFP28/CMAC_SFP28.gen/sources_1/bd/sfp28/ipshared/8713/hdl/axis_infrastructure_v1_1_vl_rfs.v:599]
INFO: [Synth 8-6157] synthesizing module 'axis_infrastructure_v1_1_0_util_axis2vector' [e:/Kaos_Tech/GitHub/100GBE-PYNQ/ZCU111/vivado/CMAC_SFP28/CMAC_SFP28.gen/sources_1/bd/sfp28/ipshared/8713/hdl/axis_infrastructure_v1_1_vl_rfs.v:809]
INFO: [Synth 8-6155] done synthesizing module 'axis_infrastructure_v1_1_0_util_axis2vector' (0#1) [e:/Kaos_Tech/GitHub/100GBE-PYNQ/ZCU111/vivado/CMAC_SFP28/CMAC_SFP28.gen/sources_1/bd/sfp28/ipshared/8713/hdl/axis_infrastructure_v1_1_vl_rfs.v:809]
INFO: [Synth 8-6157] synthesizing module 'axis_infrastructure_v1_1_0_util_vector2axis' [e:/Kaos_Tech/GitHub/100GBE-PYNQ/ZCU111/vivado/CMAC_SFP28/CMAC_SFP28.gen/sources_1/bd/sfp28/ipshared/8713/hdl/axis_infrastructure_v1_1_vl_rfs.v:991]
INFO: [Synth 8-6155] done synthesizing module 'axis_infrastructure_v1_1_0_util_vector2axis' (0#1) [e:/Kaos_Tech/GitHub/100GBE-PYNQ/ZCU111/vivado/CMAC_SFP28/CMAC_SFP28.gen/sources_1/bd/sfp28/ipshared/8713/hdl/axis_infrastructure_v1_1_vl_rfs.v:991]
INFO: [Synth 8-6155] done synthesizing module 'axis_infrastructure_v1_1_0_util_aclken_converter_wrapper' (0#1) [e:/Kaos_Tech/GitHub/100GBE-PYNQ/ZCU111/vivado/CMAC_SFP28/CMAC_SFP28.gen/sources_1/bd/sfp28/ipshared/8713/hdl/axis_infrastructure_v1_1_vl_rfs.v:599]
INFO: [Synth 8-6157] synthesizing module 'xpm_fifo_axis' [C:/Xilinx/Vivado/2023.1/data/ip/xpm/xpm_fifo/hdl/xpm_fifo.sv:2349]
INFO: [Synth 8-6157] synthesizing module 'xpm_cdc_sync_rst' [C:/Xilinx/Vivado/2023.1/data/ip/xpm/xpm_cdc/hdl/xpm_cdc.sv:1058]
INFO: [Synth 8-6155] done synthesizing module 'xpm_cdc_sync_rst' (0#1) [C:/Xilinx/Vivado/2023.1/data/ip/xpm/xpm_cdc/hdl/xpm_cdc.sv:1058]
INFO: [Synth 8-6157] synthesizing module 'xpm_cdc_gray' [C:/Xilinx/Vivado/2023.1/data/ip/xpm/xpm_cdc/hdl/xpm_cdc.sv:283]
INFO: [Synth 8-6155] done synthesizing module 'xpm_cdc_gray' (0#1) [C:/Xilinx/Vivado/2023.1/data/ip/xpm/xpm_cdc/hdl/xpm_cdc.sv:283]
INFO: [Synth 8-6157] synthesizing module 'xpm_cdc_single' [C:/Xilinx/Vivado/2023.1/data/ip/xpm/xpm_cdc/hdl/xpm_cdc.sv:152]
INFO: [Synth 8-6155] done synthesizing module 'xpm_cdc_single' (0#1) [C:/Xilinx/Vivado/2023.1/data/ip/xpm/xpm_cdc/hdl/xpm_cdc.sv:152]
INFO: [Synth 8-6157] synthesizing module 'xpm_fifo_base' [C:/Xilinx/Vivado/2023.1/data/ip/xpm/xpm_fifo/hdl/xpm_fifo.sv:55]
INFO: [Synth 8-6157] synthesizing module 'xpm_counter_updn' [C:/Xilinx/Vivado/2023.1/data/ip/xpm/xpm_fifo/hdl/xpm_fifo.sv:1859]
INFO: [Synth 8-6155] done synthesizing module 'xpm_counter_updn' (0#1) [C:/Xilinx/Vivado/2023.1/data/ip/xpm/xpm_fifo/hdl/xpm_fifo.sv:1859]
INFO: [Synth 8-6157] synthesizing module 'xpm_counter_updn__parameterized0' [C:/Xilinx/Vivado/2023.1/data/ip/xpm/xpm_fifo/hdl/xpm_fifo.sv:1859]
INFO: [Synth 8-6155] done synthesizing module 'xpm_counter_updn__parameterized0' (0#1) [C:/Xilinx/Vivado/2023.1/data/ip/xpm/xpm_fifo/hdl/xpm_fifo.sv:1859]
INFO: [Synth 8-6157] synthesizing module 'xpm_memory_base' [C:/Xilinx/Vivado/2023.1/data/ip/xpm/xpm_memory/hdl/xpm_memory.sv:56]
INFO: [Synth 8-6059] Synth Info: [XPM_MEMORY 20-1] MEMORY_PRIMITIVE (0) instructs Vivado Synthesis to choose the memory primitive type. Depending on their values, other XPM_MEMORY parameters may preclude the choice of certain memory primitive types. Review XPM_MEMORY documentation and parameter values to understand any limitations, or set MEMORY_PRIMITIVE to a different value.   [C:/Xilinx/Vivado/2023.1/data/ip/xpm/xpm_memory/hdl/xpm_memory.sv:508]
INFO: [Synth 8-6155] done synthesizing module 'xpm_memory_base' (0#1) [C:/Xilinx/Vivado/2023.1/data/ip/xpm/xpm_memory/hdl/xpm_memory.sv:56]
INFO: [Synth 8-6157] synthesizing module 'xpm_cdc_gray__parameterized0' [C:/Xilinx/Vivado/2023.1/data/ip/xpm/xpm_cdc/hdl/xpm_cdc.sv:283]
INFO: [Synth 8-6155] done synthesizing module 'xpm_cdc_gray__parameterized0' (0#1) [C:/Xilinx/Vivado/2023.1/data/ip/xpm/xpm_cdc/hdl/xpm_cdc.sv:283]
INFO: [Synth 8-6157] synthesizing module 'xpm_fifo_reg_vec' [C:/Xilinx/Vivado/2023.1/data/ip/xpm/xpm_fifo/hdl/xpm_fifo.sv:1885]
INFO: [Synth 8-6155] done synthesizing module 'xpm_fifo_reg_vec' (0#1) [C:/Xilinx/Vivado/2023.1/data/ip/xpm/xpm_fifo/hdl/xpm_fifo.sv:1885]
INFO: [Synth 8-6157] synthesizing module 'xpm_cdc_gray__parameterized1' [C:/Xilinx/Vivado/2023.1/data/ip/xpm/xpm_cdc/hdl/xpm_cdc.sv:283]
INFO: [Synth 8-6155] done synthesizing module 'xpm_cdc_gray__parameterized1' (0#1) [C:/Xilinx/Vivado/2023.1/data/ip/xpm/xpm_cdc/hdl/xpm_cdc.sv:283]
INFO: [Synth 8-6157] synthesizing module 'xpm_fifo_reg_vec__parameterized0' [C:/Xilinx/Vivado/2023.1/data/ip/xpm/xpm_fifo/hdl/xpm_fifo.sv:1885]
INFO: [Synth 8-6155] done synthesizing module 'xpm_fifo_reg_vec__parameterized0' (0#1) [C:/Xilinx/Vivado/2023.1/data/ip/xpm/xpm_fifo/hdl/xpm_fifo.sv:1885]
INFO: [Synth 8-6157] synthesizing module 'xpm_cdc_gray__parameterized2' [C:/Xilinx/Vivado/2023.1/data/ip/xpm/xpm_cdc/hdl/xpm_cdc.sv:283]
INFO: [Synth 8-6155] done synthesizing module 'xpm_cdc_gray__parameterized2' (0#1) [C:/Xilinx/Vivado/2023.1/data/ip/xpm/xpm_cdc/hdl/xpm_cdc.sv:283]
INFO: [Synth 8-226] default block is never used [C:/Xilinx/Vivado/2023.1/data/ip/xpm/xpm_fifo/hdl/xpm_fifo.sv:1207]
INFO: [Synth 8-226] default block is never used [C:/Xilinx/Vivado/2023.1/data/ip/xpm/xpm_fifo/hdl/xpm_fifo.sv:1274]
INFO: [Synth 8-226] default block is never used [C:/Xilinx/Vivado/2023.1/data/ip/xpm/xpm_fifo/hdl/xpm_fifo.sv:1296]
INFO: [Synth 8-6157] synthesizing module 'xpm_fifo_reg_bit' [C:/Xilinx/Vivado/2023.1/data/ip/xpm/xpm_fifo/hdl/xpm_fifo.sv:1907]
INFO: [Synth 8-6155] done synthesizing module 'xpm_fifo_reg_bit' (0#1) [C:/Xilinx/Vivado/2023.1/data/ip/xpm/xpm_fifo/hdl/xpm_fifo.sv:1907]
INFO: [Synth 8-6157] synthesizing module 'xpm_counter_updn__parameterized1' [C:/Xilinx/Vivado/2023.1/data/ip/xpm/xpm_fifo/hdl/xpm_fifo.sv:1859]
INFO: [Synth 8-6155] done synthesizing module 'xpm_counter_updn__parameterized1' (0#1) [C:/Xilinx/Vivado/2023.1/data/ip/xpm/xpm_fifo/hdl/xpm_fifo.sv:1859]
INFO: [Synth 8-6157] synthesizing module 'xpm_fifo_rst' [C:/Xilinx/Vivado/2023.1/data/ip/xpm/xpm_fifo/hdl/xpm_fifo.sv:1619]
INFO: [Synth 8-6155] done synthesizing module 'xpm_fifo_rst' (0#1) [C:/Xilinx/Vivado/2023.1/data/ip/xpm/xpm_fifo/hdl/xpm_fifo.sv:1619]
INFO: [Synth 8-6157] synthesizing module 'xpm_counter_updn__parameterized2' [C:/Xilinx/Vivado/2023.1/data/ip/xpm/xpm_fifo/hdl/xpm_fifo.sv:1859]
INFO: [Synth 8-6155] done synthesizing module 'xpm_counter_updn__parameterized2' (0#1) [C:/Xilinx/Vivado/2023.1/data/ip/xpm/xpm_fifo/hdl/xpm_fifo.sv:1859]
INFO: [Synth 8-6157] synthesizing module 'xpm_counter_updn__parameterized3' [C:/Xilinx/Vivado/2023.1/data/ip/xpm/xpm_fifo/hdl/xpm_fifo.sv:1859]
INFO: [Synth 8-6155] done synthesizing module 'xpm_counter_updn__parameterized3' (0#1) [C:/Xilinx/Vivado/2023.1/data/ip/xpm/xpm_fifo/hdl/xpm_fifo.sv:1859]
INFO: [Synth 8-6155] done synthesizing module 'xpm_fifo_base' (0#1) [C:/Xilinx/Vivado/2023.1/data/ip/xpm/xpm_fifo/hdl/xpm_fifo.sv:55]
INFO: [Synth 8-6155] done synthesizing module 'xpm_fifo_axis' (0#1) [C:/Xilinx/Vivado/2023.1/data/ip/xpm/xpm_fifo/hdl/xpm_fifo.sv:2349]
INFO: [Synth 8-6155] done synthesizing module 'axis_data_fifo_v2_0_10_top' (0#1) [e:/Kaos_Tech/GitHub/100GBE-PYNQ/ZCU111/vivado/CMAC_SFP28/CMAC_SFP28.gen/sources_1/bd/sfp28/ipshared/8eca/hdl/axis_data_fifo_v2_0_vl_rfs.v:54]
INFO: [Synth 8-6155] done synthesizing module 'sfp28_rx_fifo_0' (0#1) [e:/Kaos_Tech/GitHub/100GBE-PYNQ/ZCU111/vivado/CMAC_SFP28/CMAC_SFP28.gen/sources_1/bd/sfp28/ip/sfp28_rx_fifo_0/synth/sfp28_rx_fifo_0.v:53]
WARNING: [Synth 8-6014] Unused sequential element gen_rd_b.gen_doutb_pipe.enb_pipe_reg[0] was removed.  [C:/Xilinx/Vivado/2023.1/data/ip/xpm/xpm_memory/hdl/xpm_memory.sv:3071]
WARNING: [Synth 8-6014] Unused sequential element dest_out_bin_ff_reg was removed.  [C:/Xilinx/Vivado/2023.1/data/ip/xpm/xpm_cdc/hdl/xpm_cdc.sv:417]
WARNING: [Synth 8-6014] Unused sequential element dest_out_bin_ff_reg was removed.  [C:/Xilinx/Vivado/2023.1/data/ip/xpm/xpm_cdc/hdl/xpm_cdc.sv:417]
WARNING: [Synth 8-6014] Unused sequential element dest_out_bin_ff_reg was removed.  [C:/Xilinx/Vivado/2023.1/data/ip/xpm/xpm_cdc/hdl/xpm_cdc.sv:417]
WARNING: [Synth 8-6014] Unused sequential element gdvld.data_valid_std_reg was removed.  [C:/Xilinx/Vivado/2023.1/data/ip/xpm/xpm_fifo/hdl/xpm_fifo.sv:537]
WARNING: [Synth 8-6014] Unused sequential element gen_pf_ic_rc.gae_ic_std.ram_aempty_i_reg was removed.  [C:/Xilinx/Vivado/2023.1/data/ip/xpm/xpm_fifo/hdl/xpm_fifo.sv:758]
WARNING: [Synth 8-6014] Unused sequential element gen_fwft.empty_fwft_fb_reg was removed.  [C:/Xilinx/Vivado/2023.1/data/ip/xpm/xpm_fifo/hdl/xpm_fifo.sv:1391]
WARNING: [Synth 8-7129] Port ACLK in module axis_infrastructure_v1_1_0_util_aclken_converter_wrapper is either unconnected or has no load
WARNING: [Synth 8-7129] Port ARESETN in module axis_infrastructure_v1_1_0_util_aclken_converter_wrapper is either unconnected or has no load
WARNING: [Synth 8-7129] Port S_ACLKEN in module axis_infrastructure_v1_1_0_util_aclken_converter_wrapper is either unconnected or has no load
WARNING: [Synth 8-7129] Port M_ACLKEN in module axis_infrastructure_v1_1_0_util_aclken_converter_wrapper is either unconnected or has no load
WARNING: [Synth 8-7129] Port sleep in module xpm_memory_base is either unconnected or has no load
WARNING: [Synth 8-7129] Port rsta in module xpm_memory_base is either unconnected or has no load
WARNING: [Synth 8-7129] Port regcea in module xpm_memory_base is either unconnected or has no load
WARNING: [Synth 8-7129] Port injectsbiterra in module xpm_memory_base is either unconnected or has no load
WARNING: [Synth 8-7129] Port injectdbiterra in module xpm_memory_base is either unconnected or has no load
WARNING: [Synth 8-7129] Port dinb[643] in module xpm_memory_base is either unconnected or has no load
WARNING: [Synth 8-7129] Port dinb[642] in module xpm_memory_base is either unconnected or has no load
WARNING: [Synth 8-7129] Port dinb[641] in module xpm_memory_base is either unconnected or has no load
WARNING: [Synth 8-7129] Port dinb[640] in module xpm_memory_base is either unconnected or has no load
WARNING: [Synth 8-7129] Port dinb[639] in module xpm_memory_base is either unconnected or has no load
WARNING: [Synth 8-7129] Port dinb[638] in module xpm_memory_base is either unconnected or has no load
WARNING: [Synth 8-7129] Port dinb[637] in module xpm_memory_base is either unconnected or has no load
WARNING: [Synth 8-7129] Port dinb[636] in module xpm_memory_base is either unconnected or has no load
WARNING: [Synth 8-7129] Port dinb[635] in module xpm_memory_base is either unconnected or has no load
WARNING: [Synth 8-7129] Port dinb[634] in module xpm_memory_base is either unconnected or has no load
WARNING: [Synth 8-7129] Port dinb[633] in module xpm_memory_base is either unconnected or has no load
WARNING: [Synth 8-7129] Port dinb[632] in module xpm_memory_base is either unconnected or has no load
WARNING: [Synth 8-7129] Port dinb[631] in module xpm_memory_base is either unconnected or has no load
WARNING: [Synth 8-7129] Port dinb[630] in module xpm_memory_base is either unconnected or has no load
WARNING: [Synth 8-7129] Port dinb[629] in module xpm_memory_base is either unconnected or has no load
WARNING: [Synth 8-7129] Port dinb[628] in module xpm_memory_base is either unconnected or has no load
WARNING: [Synth 8-7129] Port dinb[627] in module xpm_memory_base is either unconnected or has no load
WARNING: [Synth 8-7129] Port dinb[626] in module xpm_memory_base is either unconnected or has no load
WARNING: [Synth 8-7129] Port dinb[625] in module xpm_memory_base is either unconnected or has no load
WARNING: [Synth 8-7129] Port dinb[624] in module xpm_memory_base is either unconnected or has no load
WARNING: [Synth 8-7129] Port dinb[623] in module xpm_memory_base is either unconnected or has no load
WARNING: [Synth 8-7129] Port dinb[622] in module xpm_memory_base is either unconnected or has no load
WARNING: [Synth 8-7129] Port dinb[621] in module xpm_memory_base is either unconnected or has no load
WARNING: [Synth 8-7129] Port dinb[620] in module xpm_memory_base is either unconnected or has no load
WARNING: [Synth 8-7129] Port dinb[619] in module xpm_memory_base is either unconnected or has no load
WARNING: [Synth 8-7129] Port dinb[618] in module xpm_memory_base is either unconnected or has no load
WARNING: [Synth 8-7129] Port dinb[617] in module xpm_memory_base is either unconnected or has no load
WARNING: [Synth 8-7129] Port dinb[616] in module xpm_memory_base is either unconnected or has no load
WARNING: [Synth 8-7129] Port dinb[615] in module xpm_memory_base is either unconnected or has no load
WARNING: [Synth 8-7129] Port dinb[614] in module xpm_memory_base is either unconnected or has no load
WARNING: [Synth 8-7129] Port dinb[613] in module xpm_memory_base is either unconnected or has no load
WARNING: [Synth 8-7129] Port dinb[612] in module xpm_memory_base is either unconnected or has no load
WARNING: [Synth 8-7129] Port dinb[611] in module xpm_memory_base is either unconnected or has no load
WARNING: [Synth 8-7129] Port dinb[610] in module xpm_memory_base is either unconnected or has no load
WARNING: [Synth 8-7129] Port dinb[609] in module xpm_memory_base is either unconnected or has no load
WARNING: [Synth 8-7129] Port dinb[608] in module xpm_memory_base is either unconnected or has no load
WARNING: [Synth 8-7129] Port dinb[607] in module xpm_memory_base is either unconnected or has no load
WARNING: [Synth 8-7129] Port dinb[606] in module xpm_memory_base is either unconnected or has no load
WARNING: [Synth 8-7129] Port dinb[605] in module xpm_memory_base is either unconnected or has no load
WARNING: [Synth 8-7129] Port dinb[604] in module xpm_memory_base is either unconnected or has no load
WARNING: [Synth 8-7129] Port dinb[603] in module xpm_memory_base is either unconnected or has no load
WARNING: [Synth 8-7129] Port dinb[602] in module xpm_memory_base is either unconnected or has no load
WARNING: [Synth 8-7129] Port dinb[601] in module xpm_memory_base is either unconnected or has no load
WARNING: [Synth 8-7129] Port dinb[600] in module xpm_memory_base is either unconnected or has no load
WARNING: [Synth 8-7129] Port dinb[599] in module xpm_memory_base is either unconnected or has no load
WARNING: [Synth 8-7129] Port dinb[598] in module xpm_memory_base is either unconnected or has no load
WARNING: [Synth 8-7129] Port dinb[597] in module xpm_memory_base is either unconnected or has no load
WARNING: [Synth 8-7129] Port dinb[596] in module xpm_memory_base is either unconnected or has no load
WARNING: [Synth 8-7129] Port dinb[595] in module xpm_memory_base is either unconnected or has no load
WARNING: [Synth 8-7129] Port dinb[594] in module xpm_memory_base is either unconnected or has no load
WARNING: [Synth 8-7129] Port dinb[593] in module xpm_memory_base is either unconnected or has no load
WARNING: [Synth 8-7129] Port dinb[592] in module xpm_memory_base is either unconnected or has no load
WARNING: [Synth 8-7129] Port dinb[591] in module xpm_memory_base is either unconnected or has no load
WARNING: [Synth 8-7129] Port dinb[590] in module xpm_memory_base is either unconnected or has no load
WARNING: [Synth 8-7129] Port dinb[589] in module xpm_memory_base is either unconnected or has no load
WARNING: [Synth 8-7129] Port dinb[588] in module xpm_memory_base is either unconnected or has no load
WARNING: [Synth 8-7129] Port dinb[587] in module xpm_memory_base is either unconnected or has no load
WARNING: [Synth 8-7129] Port dinb[586] in module xpm_memory_base is either unconnected or has no load
WARNING: [Synth 8-7129] Port dinb[585] in module xpm_memory_base is either unconnected or has no load
WARNING: [Synth 8-7129] Port dinb[584] in module xpm_memory_base is either unconnected or has no load
WARNING: [Synth 8-7129] Port dinb[583] in module xpm_memory_base is either unconnected or has no load
WARNING: [Synth 8-7129] Port dinb[582] in module xpm_memory_base is either unconnected or has no load
WARNING: [Synth 8-7129] Port dinb[581] in module xpm_memory_base is either unconnected or has no load
WARNING: [Synth 8-7129] Port dinb[580] in module xpm_memory_base is either unconnected or has no load
WARNING: [Synth 8-7129] Port dinb[579] in module xpm_memory_base is either unconnected or has no load
WARNING: [Synth 8-7129] Port dinb[578] in module xpm_memory_base is either unconnected or has no load
WARNING: [Synth 8-7129] Port dinb[577] in module xpm_memory_base is either unconnected or has no load
WARNING: [Synth 8-7129] Port dinb[576] in module xpm_memory_base is either unconnected or has no load
WARNING: [Synth 8-7129] Port dinb[575] in module xpm_memory_base is either unconnected or has no load
WARNING: [Synth 8-7129] Port dinb[574] in module xpm_memory_base is either unconnected or has no load
WARNING: [Synth 8-7129] Port dinb[573] in module xpm_memory_base is either unconnected or has no load
WARNING: [Synth 8-7129] Port dinb[572] in module xpm_memory_base is either unconnected or has no load
WARNING: [Synth 8-7129] Port dinb[571] in module xpm_memory_base is either unconnected or has no load
WARNING: [Synth 8-7129] Port dinb[570] in module xpm_memory_base is either unconnected or has no load
WARNING: [Synth 8-7129] Port dinb[569] in module xpm_memory_base is either unconnected or has no load
WARNING: [Synth 8-7129] Port dinb[568] in module xpm_memory_base is either unconnected or has no load
WARNING: [Synth 8-7129] Port dinb[567] in module xpm_memory_base is either unconnected or has no load
WARNING: [Synth 8-7129] Port dinb[566] in module xpm_memory_base is either unconnected or has no load
WARNING: [Synth 8-7129] Port dinb[565] in module xpm_memory_base is either unconnected or has no load
WARNING: [Synth 8-7129] Port dinb[564] in module xpm_memory_base is either unconnected or has no load
WARNING: [Synth 8-7129] Port dinb[563] in module xpm_memory_base is either unconnected or has no load
WARNING: [Synth 8-7129] Port dinb[562] in module xpm_memory_base is either unconnected or has no load
WARNING: [Synth 8-7129] Port dinb[561] in module xpm_memory_base is either unconnected or has no load
WARNING: [Synth 8-7129] Port dinb[560] in module xpm_memory_base is either unconnected or has no load
WARNING: [Synth 8-7129] Port dinb[559] in module xpm_memory_base is either unconnected or has no load
WARNING: [Synth 8-7129] Port dinb[558] in module xpm_memory_base is either unconnected or has no load
WARNING: [Synth 8-7129] Port dinb[557] in module xpm_memory_base is either unconnected or has no load
WARNING: [Synth 8-7129] Port dinb[556] in module xpm_memory_base is either unconnected or has no load
WARNING: [Synth 8-7129] Port dinb[555] in module xpm_memory_base is either unconnected or has no load
WARNING: [Synth 8-7129] Port dinb[554] in module xpm_memory_base is either unconnected or has no load
WARNING: [Synth 8-7129] Port dinb[553] in module xpm_memory_base is either unconnected or has no load
INFO: [Common 17-14] Message 'Synth 8-7129' appears 100 times and further instances of the messages will be disabled. Use the Tcl command set_msg_config to change the current settings.
---------------------------------------------------------------------------------
Finished RTL Elaboration : Time (s): cpu = 00:00:10 ; elapsed = 00:00:17 . Memory (MB): peak = 3054.418 ; gain = 452.902
---------------------------------------------------------------------------------
---------------------------------------------------------------------------------
Start Handling Custom Attributes
---------------------------------------------------------------------------------
---------------------------------------------------------------------------------
Finished Handling Custom Attributes : Time (s): cpu = 00:00:10 ; elapsed = 00:00:17 . Memory (MB): peak = 3072.348 ; gain = 470.832
---------------------------------------------------------------------------------
---------------------------------------------------------------------------------
Finished RTL Optimization Phase 1 : Time (s): cpu = 00:00:10 ; elapsed = 00:00:17 . Memory (MB): peak = 3072.348 ; gain = 470.832
---------------------------------------------------------------------------------
Netlist sorting complete. Time (s): cpu = 00:00:00 ; elapsed = 00:00:00.192 . Memory (MB): peak = 3072.348 ; gain = 0.000
INFO: [Project 1-570] Preparing netlist for logic optimization

Processing XDC Constraints
Initializing timing engine
Parsing XDC File [e:/Kaos_Tech/GitHub/100GBE-PYNQ/ZCU111/vivado/CMAC_SFP28/CMAC_SFP28.gen/sources_1/bd/sfp28/ip/sfp28_rx_fifo_0/sfp28_rx_fifo_0_ooc.xdc] for cell 'inst'
create_clock: Time (s): cpu = 00:00:12 ; elapsed = 00:00:13 . Memory (MB): peak = 3198.539 ; gain = 0.000
Finished Parsing XDC File [e:/Kaos_Tech/GitHub/100GBE-PYNQ/ZCU111/vivado/CMAC_SFP28/CMAC_SFP28.gen/sources_1/bd/sfp28/ip/sfp28_rx_fifo_0/sfp28_rx_fifo_0_ooc.xdc] for cell 'inst'
Parsing XDC File [E:/KaOs_Tech/GitHub/100GBE-PYNQ/ZCU111/vivado/CMAC_SFP28/CMAC_SFP28.runs/sfp28_rx_fifo_0_synth_1/dont_touch.xdc]
Finished Parsing XDC File [E:/KaOs_Tech/GitHub/100GBE-PYNQ/ZCU111/vivado/CMAC_SFP28/CMAC_SFP28.runs/sfp28_rx_fifo_0_synth_1/dont_touch.xdc]
INFO: [Project 1-236] Implementation specific constraints were found while reading constraint file [C:/Xilinx/Vivado/2023.1/data/ip/xpm/xpm_cdc/tcl/xpm_cdc_gray.tcl]. These constraints will be ignored for synthesis but will be used in implementation. Impacted constraints are listed in the file [.Xil/sfp28_rx_fifo_0_propImpl.xdc].
Resolution: To avoid this warning, move constraints listed in [.Xil/sfp28_rx_fifo_0_propImpl.xdc] to another XDC file and exclude this new file from synthesis with the used_in_synthesis property (File Properties dialog in GUI) and re-run elaboration/synthesis.
INFO: [Project 1-236] Implementation specific constraints were found while reading constraint file [C:/Xilinx/Vivado/2023.1/data/ip/xpm/xpm_cdc/tcl/xpm_cdc_single.tcl]. These constraints will be ignored for synthesis but will be used in implementation. Impacted constraints are listed in the file [.Xil/sfp28_rx_fifo_0_propImpl.xdc].
Resolution: To avoid this warning, move constraints listed in [.Xil/sfp28_rx_fifo_0_propImpl.xdc] to another XDC file and exclude this new file from synthesis with the used_in_synthesis property (File Properties dialog in GUI) and re-run elaboration/synthesis.
INFO: [Project 1-236] Implementation specific constraints were found while reading constraint file [C:/Xilinx/Vivado/2023.1/data/ip/xpm/xpm_fifo/tcl/xpm_fifo_rst_axis.tcl]. These constraints will be ignored for synthesis but will be used in implementation. Impacted constraints are listed in the file [.Xil/sfp28_rx_fifo_0_propImpl.xdc].
Resolution: To avoid this warning, move constraints listed in [.Xil/sfp28_rx_fifo_0_propImpl.xdc] to another XDC file and exclude this new file from synthesis with the used_in_synthesis property (File Properties dialog in GUI) and re-run elaboration/synthesis.
INFO: [Project 1-1714] 10 XPM XDC files have been applied to the design.
Completed Processing XDC Constraints

Netlist sorting complete. Time (s): cpu = 00:00:00 ; elapsed = 00:00:00.002 . Memory (MB): peak = 3198.539 ; gain = 0.000
INFO: [Project 1-111] Unisim Transformation Summary:
No Unisim elements were transformed.

Constraint Validation Runtime : Time (s): cpu = 00:00:00 ; elapsed = 00:00:00.135 . Memory (MB): peak = 3198.539 ; gain = 0.000
INFO: [Designutils 20-5008] Incremental synthesis strategy off
---------------------------------------------------------------------------------
Finished Constraint Validation : Time (s): cpu = 00:00:38 ; elapsed = 00:00:46 . Memory (MB): peak = 3198.539 ; gain = 597.023
---------------------------------------------------------------------------------
---------------------------------------------------------------------------------
Start Loading Part and Timing Information
---------------------------------------------------------------------------------
Loading part: xczu28dr-ffvg1517-2-e
INFO: [Synth 8-6742] Reading net delay rules and data
---------------------------------------------------------------------------------
Finished Loading Part and Timing Information : Time (s): cpu = 00:00:38 ; elapsed = 00:00:46 . Memory (MB): peak = 3198.539 ; gain = 597.023
---------------------------------------------------------------------------------
---------------------------------------------------------------------------------
Start Applying 'set_property' XDC Constraints
---------------------------------------------------------------------------------
Applied set_property KEEP_HIERARCHY = SOFT for inst. (constraint file  E:/KaOs_Tech/GitHub/100GBE-PYNQ/ZCU111/vivado/CMAC_SFP28/CMAC_SFP28.runs/sfp28_rx_fifo_0_synth_1/dont_touch.xdc, line 9).
Applied set_property KEEP_HIERARCHY = SOFT for inst/\gen_fifo.xpm_fifo_axis_inst /\gaxis_pkt_fifo_ic.wpkt_cnt_cdc_inst . (constraint file  auto generated constraint).
Applied set_property KEEP_HIERARCHY = SOFT for inst/\gen_fifo.xpm_fifo_axis_inst /xpm_fifo_base_inst/\gen_cdc_pntr.rd_pntr_cdc_dc_inst . (constraint file  auto generated constraint).
Applied set_property KEEP_HIERARCHY = SOFT for inst/\gen_fifo.xpm_fifo_axis_inst /xpm_fifo_base_inst/\gen_cdc_pntr.wr_pntr_cdc_dc_inst . (constraint file  auto generated constraint).
Applied set_property KEEP_HIERARCHY = SOFT for inst/\gen_fifo.xpm_fifo_axis_inst /xpm_fifo_base_inst/\gen_cdc_pntr.rd_pntr_cdc_inst . (constraint file  auto generated constraint).
Applied set_property KEEP_HIERARCHY = SOFT for inst/\gen_fifo.xpm_fifo_axis_inst /xpm_fifo_base_inst/\gen_cdc_pntr.wr_pntr_cdc_inst . (constraint file  auto generated constraint).
Applied set_property KEEP_HIERARCHY = SOFT for inst/\gen_fifo.xpm_fifo_axis_inst /\gaxis_pkt_fifo_ic.af_axis_cdc_inst . (constraint file  auto generated constraint).
Applied set_property KEEP_HIERARCHY = SOFT for inst/\gen_fifo.xpm_fifo_axis_inst /\gaxis_rst_sync.xpm_cdc_sync_rst_inst . (constraint file  auto generated constraint).
Applied set_property KEEP_HIERARCHY = SOFT for inst/\gen_fifo.xpm_fifo_axis_inst /xpm_fifo_base_inst/xpm_fifo_rst_inst/\gen_rst_ic.rrst_wr_inst . (constraint file  auto generated constraint).
Applied set_property KEEP_HIERARCHY = SOFT for inst/\gen_fifo.xpm_fifo_axis_inst /xpm_fifo_base_inst/xpm_fifo_rst_inst/\gen_rst_ic.wrst_rd_inst . (constraint file  auto generated constraint).
Applied set_property KEEP_HIERARCHY = SOFT for inst/\gen_fifo.xpm_fifo_axis_inst . (constraint file  auto generated constraint).
---------------------------------------------------------------------------------
Finished applying 'set_property' XDC Constraints : Time (s): cpu = 00:00:38 ; elapsed = 00:00:46 . Memory (MB): peak = 3198.539 ; gain = 597.023
---------------------------------------------------------------------------------
INFO: [Synth 8-802] inferred FSM for state register 'gen_rst_ic.curr_wrst_state_reg' in module 'xpm_fifo_rst'
INFO: [Synth 8-802] inferred FSM for state register 'gen_rst_ic.curr_rrst_state_reg' in module 'xpm_fifo_rst'
INFO: [Synth 8-802] inferred FSM for state register 'gen_fwft.curr_fwft_state_reg' in module 'xpm_fifo_base'
INFO: [Synth 8-5552] Implemented safe state 'default_state' for state register 'gen_rst_ic.curr_wrst_state_reg' in module 'xpm_fifo_rst'
---------------------------------------------------------------------------------------------------
                   State |                     New Encoding |                Previous Encoding 
---------------------------------------------------------------------------------------------------
*
               WRST_IDLE |                            00001 |                              000
                 WRST_IN |                            00010 |                              010
                WRST_OUT |                            00100 |                              111
               WRST_EXIT |                            01000 |                              110
            WRST_GO2IDLE |                            10000 |                              100
---------------------------------------------------------------------------------------------------
INFO: [Synth 8-3354] encoded FSM with state register 'gen_rst_ic.curr_wrst_state_reg' using encoding 'one-hot' in module 'xpm_fifo_rst'
INFO: [Synth 8-5552] Implemented safe state 'default_state' for state register 'gen_rst_ic.curr_rrst_state_reg' in module 'xpm_fifo_rst'
---------------------------------------------------------------------------------------------------
                   State |                     New Encoding |                Previous Encoding 
---------------------------------------------------------------------------------------------------
*
               RRST_IDLE |                               00 |                               00
                 RRST_IN |                               01 |                               10
                RRST_OUT |                               10 |                               11
               RRST_EXIT |                               11 |                               01
---------------------------------------------------------------------------------------------------
INFO: [Synth 8-3354] encoded FSM with state register 'gen_rst_ic.curr_rrst_state_reg' using encoding 'sequential' in module 'xpm_fifo_rst'
---------------------------------------------------------------------------------------------------
                   State |                     New Encoding |                Previous Encoding 
---------------------------------------------------------------------------------------------------
                 invalid |                               00 |                               00
            stage1_valid |                               01 |                               10
       both_stages_valid |                               10 |                               11
            stage2_valid |                               11 |                               01
---------------------------------------------------------------------------------------------------
INFO: [Synth 8-3354] encoded FSM with state register 'gen_fwft.curr_fwft_state_reg' using encoding 'sequential' in module 'xpm_fifo_base'
---------------------------------------------------------------------------------
Finished RTL Optimization Phase 2 : Time (s): cpu = 00:00:39 ; elapsed = 00:00:47 . Memory (MB): peak = 3198.539 ; gain = 597.023
---------------------------------------------------------------------------------
---------------------------------------------------------------------------------
Start RTL Component Statistics 
---------------------------------------------------------------------------------
Detailed RTL Component Info : 
+---Adders : 
	   4 Input   10 Bit       Adders := 2     
	   2 Input   10 Bit       Adders := 3     
	   4 Input    9 Bit       Adders := 5     
	   2 Input    9 Bit       Adders := 2     
	   4 Input    2 Bit       Adders := 1     
+---XORs : 
	   2 Input     10 Bit         XORs := 2     
	   2 Input      9 Bit         XORs := 3     
	   2 Input      1 Bit         XORs := 42    
+---Registers : 
	              644 Bit    Registers := 2     
	               10 Bit    Registers := 15    
	                9 Bit    Registers := 22    
	                3 Bit    Registers := 4     
	                2 Bit    Registers := 2     
	                1 Bit    Registers := 17    
+---RAMs : 
	             322K Bit	(512 X 644 bit)          RAMs := 1     
+---Muxes : 
	   6 Input    5 Bit        Muxes := 1     
	   2 Input    5 Bit        Muxes := 8     
	   5 Input    2 Bit        Muxes := 1     
	   2 Input    2 Bit        Muxes := 33    
	   4 Input    2 Bit        Muxes := 7     
	   2 Input    1 Bit        Muxes := 7     
	   6 Input    1 Bit        Muxes := 2     
	   5 Input    1 Bit        Muxes := 3     
	   4 Input    1 Bit        Muxes := 2     
	   3 Input    1 Bit        Muxes := 1     
---------------------------------------------------------------------------------
Finished RTL Component Statistics 
---------------------------------------------------------------------------------
---------------------------------------------------------------------------------
Start Part Resource Summary
---------------------------------------------------------------------------------
Part Resources:
DSPs: 4272 (col length:192)
BRAMs: 2160 (col length: RAMB18 192 RAMB36 96)
---------------------------------------------------------------------------------
Finished Part Resource Summary
---------------------------------------------------------------------------------
---------------------------------------------------------------------------------
Start Cross Boundary and Area Optimization
---------------------------------------------------------------------------------
WARNING: [Synth 8-7080] Parallel synthesis criteria is not met
INFO: [Synth 8-5784] Optimized 66 bits of RAM "gen_wr_a.gen_word_narrow.mem_reg" due to constant propagation. Old ram width 644 bits, new ram width 578 bits.
RAM ("inst/\gen_fifo.xpm_fifo_axis_inst /xpm_fifo_base_inst/\gen_sdpram.xpm_memory_base_inst /gen_wr_a.gen_word_narrow.mem_reg") is too shallow (depth = 512) to use URAM. Choosing BRAM instead of URAM 
---------------------------------------------------------------------------------
Finished Cross Boundary and Area Optimization : Time (s): cpu = 00:00:45 ; elapsed = 00:00:53 . Memory (MB): peak = 3198.539 ; gain = 597.023
---------------------------------------------------------------------------------
---------------------------------------------------------------------------------
Start ROM, RAM, DSP, Shift Register and Retiming Reporting
---------------------------------------------------------------------------------

Block RAM: Preliminary Mapping Report (see note below)
+----------------------------------------------------------------------------------------+----------------------------------+------------------------+---+---+------------------------+---+---+------------------+--------+--------+-----------------+
|Module Name                                                                             | RTL Object                       | PORT A (Depth x Width) | W | R | PORT B (Depth x Width) | W | R | Ports driving FF | RAMB18 | RAMB36 | Cascade Heights | 
+----------------------------------------------------------------------------------------+----------------------------------+------------------------+---+---+------------------------+---+---+------------------+--------+--------+-----------------+
|inst/\gen_fifo.xpm_fifo_axis_inst /xpm_fifo_base_inst/\gen_sdpram.xpm_memory_base_inst  | gen_wr_a.gen_word_narrow.mem_reg | 512 x 644(NO_CHANGE)   | W |   | 512 x 644(WRITE_FIRST) |   | R | Port A and B     | 1      | 8      |                 | 
+----------------------------------------------------------------------------------------+----------------------------------+------------------------+---+---+------------------------+---+---+------------------+--------+--------+-----------------+

Note: The table above is a preliminary report that shows the Block RAMs at the current stage of the synthesis flow. Some Block RAMs may be reimplemented as non Block RAM primitives later in the synthesis flow. Multiple instantiated Block RAMs are reported only once. 
---------------------------------------------------------------------------------
Finished ROM, RAM, DSP, Shift Register and Retiming Reporting
---------------------------------------------------------------------------------
---------------------------------------------------------------------------------
Start Applying XDC Timing Constraints
---------------------------------------------------------------------------------
---------------------------------------------------------------------------------
Finished Applying XDC Timing Constraints : Time (s): cpu = 00:01:10 ; elapsed = 00:01:20 . Memory (MB): peak = 3524.469 ; gain = 922.953
---------------------------------------------------------------------------------
---------------------------------------------------------------------------------
Start Timing Optimization
---------------------------------------------------------------------------------
---------------------------------------------------------------------------------
Finished Timing Optimization : Time (s): cpu = 00:01:11 ; elapsed = 00:01:20 . Memory (MB): peak = 3529.402 ; gain = 927.887
---------------------------------------------------------------------------------
---------------------------------------------------------------------------------
Start ROM, RAM, DSP, Shift Register and Retiming Reporting
---------------------------------------------------------------------------------

Block RAM: Final Mapping Report
+----------------------------------------------------------------------------------------+----------------------------------+------------------------+---+---+------------------------+---+---+------------------+--------+--------+-----------------+
|Module Name                                                                             | RTL Object                       | PORT A (Depth x Width) | W | R | PORT B (Depth x Width) | W | R | Ports driving FF | RAMB18 | RAMB36 | Cascade Heights | 
+----------------------------------------------------------------------------------------+----------------------------------+------------------------+---+---+------------------------+---+---+------------------+--------+--------+-----------------+
|inst/\gen_fifo.xpm_fifo_axis_inst /xpm_fifo_base_inst/\gen_sdpram.xpm_memory_base_inst  | gen_wr_a.gen_word_narrow.mem_reg | 512 x 644(NO_CHANGE)   | W |   | 512 x 644(WRITE_FIRST) |   | R | Port A and B     | 1      | 8      |                 | 
+----------------------------------------------------------------------------------------+----------------------------------+------------------------+---+---+------------------------+---+---+------------------+--------+--------+-----------------+

---------------------------------------------------------------------------------
Finished ROM, RAM, DSP, Shift Register and Retiming Reporting
---------------------------------------------------------------------------------
---------------------------------------------------------------------------------
Start Technology Mapping
---------------------------------------------------------------------------------
---------------------------------------------------------------------------------
Finished Technology Mapping : Time (s): cpu = 00:01:11 ; elapsed = 00:01:21 . Memory (MB): peak = 3558.520 ; gain = 957.004
---------------------------------------------------------------------------------
---------------------------------------------------------------------------------
Start IO Insertion
---------------------------------------------------------------------------------
---------------------------------------------------------------------------------
Start Flattening Before IO Insertion
---------------------------------------------------------------------------------
---------------------------------------------------------------------------------
Finished Flattening Before IO Insertion
---------------------------------------------------------------------------------
---------------------------------------------------------------------------------
Start Final Netlist Cleanup
---------------------------------------------------------------------------------
---------------------------------------------------------------------------------
Finished Final Netlist Cleanup
---------------------------------------------------------------------------------
---------------------------------------------------------------------------------
Finished IO Insertion : Time (s): cpu = 00:01:20 ; elapsed = 00:01:30 . Memory (MB): peak = 3558.520 ; gain = 957.004
---------------------------------------------------------------------------------
---------------------------------------------------------------------------------
Start Renaming Generated Instances
---------------------------------------------------------------------------------
---------------------------------------------------------------------------------
Finished Renaming Generated Instances : Time (s): cpu = 00:01:20 ; elapsed = 00:01:30 . Memory (MB): peak = 3558.520 ; gain = 957.004
---------------------------------------------------------------------------------
---------------------------------------------------------------------------------
Start Rebuilding User Hierarchy
---------------------------------------------------------------------------------
---------------------------------------------------------------------------------
Finished Rebuilding User Hierarchy : Time (s): cpu = 00:01:20 ; elapsed = 00:01:30 . Memory (MB): peak = 3558.520 ; gain = 957.004
---------------------------------------------------------------------------------
---------------------------------------------------------------------------------
Start Renaming Generated Ports
---------------------------------------------------------------------------------
---------------------------------------------------------------------------------
Finished Renaming Generated Ports : Time (s): cpu = 00:01:20 ; elapsed = 00:01:30 . Memory (MB): peak = 3558.520 ; gain = 957.004
---------------------------------------------------------------------------------
---------------------------------------------------------------------------------
Start Handling Custom Attributes
---------------------------------------------------------------------------------
---------------------------------------------------------------------------------
Finished Handling Custom Attributes : Time (s): cpu = 00:01:20 ; elapsed = 00:01:30 . Memory (MB): peak = 3558.520 ; gain = 957.004
---------------------------------------------------------------------------------
---------------------------------------------------------------------------------
Start Renaming Generated Nets
---------------------------------------------------------------------------------
---------------------------------------------------------------------------------
Finished Renaming Generated Nets : Time (s): cpu = 00:01:20 ; elapsed = 00:01:30 . Memory (MB): peak = 3558.520 ; gain = 957.004
---------------------------------------------------------------------------------
---------------------------------------------------------------------------------
Start Writing Synthesis Report
---------------------------------------------------------------------------------

Report BlackBoxes: 
+-+--------------+----------+
| |BlackBox name |Instances |
+-+--------------+----------+
+-+--------------+----------+

Report Cell Usage: 
+------+---------+------+
|      |Cell     |Count |
+------+---------+------+
|1     |CARRY8   |     4|
|2     |LUT1     |     8|
|3     |LUT2     |    74|
|4     |LUT3     |    38|
|5     |LUT4     |    42|
|6     |LUT5     |    39|
|7     |LUT6     |    54|
|8     |RAMB18E2 |     1|
|9     |RAMB36E2 |     8|
|10    |FDRE     |   346|
|11    |FDSE     |    10|
+------+---------+------+
---------------------------------------------------------------------------------
Finished Writing Synthesis Report : Time (s): cpu = 00:01:20 ; elapsed = 00:01:30 . Memory (MB): peak = 3558.520 ; gain = 957.004
---------------------------------------------------------------------------------
Synthesis finished with 0 errors, 0 critical warnings and 720 warnings.
Synthesis Optimization Runtime : Time (s): cpu = 00:00:53 ; elapsed = 00:01:12 . Memory (MB): peak = 3558.520 ; gain = 830.812
Synthesis Optimization Complete : Time (s): cpu = 00:01:20 ; elapsed = 00:01:30 . Memory (MB): peak = 3558.520 ; gain = 957.004
INFO: [Project 1-571] Translating synthesized netlist
Netlist sorting complete. Time (s): cpu = 00:00:00 ; elapsed = 00:00:00.081 . Memory (MB): peak = 3569.137 ; gain = 0.000
INFO: [Netlist 29-17] Analyzing 4 Unisim elements for replacement
INFO: [Netlist 29-28] Unisim Transformation completed in 0 CPU seconds
INFO: [Project 1-570] Preparing netlist for logic optimization
INFO: [Opt 31-138] Pushed 0 inverter(s) to 0 load pin(s).
Netlist sorting complete. Time (s): cpu = 00:00:00 ; elapsed = 00:00:00.001 . Memory (MB): peak = 3609.938 ; gain = 0.000
INFO: [Project 1-111] Unisim Transformation Summary:
No Unisim elements were transformed.

Synth Design complete | Checksum: d3d75da4
INFO: [Common 17-83] Releasing license: Synthesis
81 Infos, 108 Warnings, 0 Critical Warnings and 0 Errors encountered.
synth_design completed successfully
synth_design: Time (s): cpu = 00:01:34 ; elapsed = 00:01:46 . Memory (MB): peak = 3609.938 ; gain = 2068.527
INFO: [Common 17-1381] The checkpoint 'E:/KaOs_Tech/GitHub/100GBE-PYNQ/ZCU111/vivado/CMAC_SFP28/CMAC_SFP28.runs/sfp28_rx_fifo_0_synth_1/sfp28_rx_fifo_0.dcp' has been generated.
INFO: [Coretcl 2-1648] Added synthesis output to IP cache for IP sfp28_rx_fifo_0, cache-ID = 04aeb2fa1ee0782f
INFO: [Coretcl 2-1174] Renamed 24 cell refs.
INFO: [Common 17-1381] The checkpoint 'E:/KaOs_Tech/GitHub/100GBE-PYNQ/ZCU111/vivado/CMAC_SFP28/CMAC_SFP28.runs/sfp28_rx_fifo_0_synth_1/sfp28_rx_fifo_0.dcp' has been generated.
INFO: [runtcl-4] Executing : report_utilization -file sfp28_rx_fifo_0_utilization_synth.rpt -pb sfp28_rx_fifo_0_utilization_synth.pb
INFO: [Common 17-206] Exiting Vivado at Mon Oct 28 12:48:04 2024...
