
*** Running vivado
    with args -log sfp28_axi_intc_0_0.vds -m64 -product Vivado -mode batch -messageDb vivado.pb -notrace -source sfp28_axi_intc_0_0.tcl



****** Vivado v2023.1 (64-bit)
  **** SW Build 3865809 on Sun May  7 15:05:29 MDT 2023
  **** IP Build 3864474 on Sun May  7 20:36:21 MDT 2023
  **** SharedData Build 3865790 on Sun May 07 13:33:03 MDT 2023
    ** Copyright 1986-2022 Xilinx, Inc. All Rights Reserved.
    ** Copyright 2022-2023 Advanced Micro Devices, Inc. All Rights Reserved.

source sfp28_axi_intc_0_0.tcl -notrace
create_project: Time (s): cpu = 00:00:09 ; elapsed = 00:00:09 . Memory (MB): peak = 1467.461 ; gain = 160.312
INFO: [IP_Flow 19-6924] IPCACHE: Running cache check for IP inst: sfp28_axi_intc_0_0
Command: synth_design -top sfp28_axi_intc_0_0 -part xczu28dr-ffvg1517-2-e -incremental_mode off -mode out_of_context
Starting synth_design
Attempting to get a license for feature 'Synthesis' and/or device 'xczu28dr'
INFO: [Common 17-349] Got license for feature 'Synthesis' and/or device 'xczu28dr'
INFO: [Device 21-403] Loading part xczu28dr-ffvg1517-2-e
INFO: [Synth 8-7079] Multithreading enabled for synth_design using a maximum of 2 processes.
INFO: [Synth 8-7078] Launching helper process for spawning children vivado processes
INFO: [Synth 8-7075] Helper process launched with PID 19356
---------------------------------------------------------------------------------
Starting RTL Elaboration : Time (s): cpu = 00:00:07 ; elapsed = 00:00:12 . Memory (MB): peak = 2966.387 ; gain = 364.180
---------------------------------------------------------------------------------
INFO: [Synth 8-638] synthesizing module 'sfp28_axi_intc_0_0' [e:/Kaos_Tech/GitHub/100GBE-PYNQ/ZCU111/vivado/CMAC_SFP28/CMAC_SFP28.gen/sources_1/bd/sfp28/ip/sfp28_axi_intc_0_0/synth/sfp28_axi_intc_0_0.vhd:85]
	Parameter C_FAMILY bound to: zynquplus - type: string 
	Parameter C_INSTANCE bound to: sfp28_axi_intc_0_0 - type: string 
	Parameter C_S_AXI_ADDR_WIDTH bound to: 9 - type: integer 
	Parameter C_S_AXI_DATA_WIDTH bound to: 32 - type: integer 
	Parameter C_NUM_INTR_INPUTS bound to: 2 - type: integer 
	Parameter C_NUM_SW_INTR bound to: 0 - type: integer 
	Parameter C_KIND_OF_INTR bound to: 32'b11111111111111111111111111111100 
	Parameter C_KIND_OF_EDGE bound to: 32'b11111111111111111111111111111111 
	Parameter C_KIND_OF_LVL bound to: 32'b11111111111111111111111111111111 
	Parameter C_ASYNC_INTR bound to: 32'b11111111111111111111111111111100 
	Parameter C_NUM_SYNC_FF bound to: 2 - type: integer 
	Parameter C_ADDR_WIDTH bound to: 32 - type: integer 
	Parameter C_IVAR_RESET_VALUE bound to: 64'b0000000000000000000000000000000000000000000000000000000000010000 
	Parameter C_ENABLE_ASYNC bound to: 0 - type: integer 
	Parameter C_HAS_IPR bound to: 1 - type: integer 
	Parameter C_HAS_SIE bound to: 1 - type: integer 
	Parameter C_HAS_CIE bound to: 1 - type: integer 
	Parameter C_HAS_IVR bound to: 1 - type: integer 
	Parameter C_HAS_ILR bound to: 0 - type: integer 
	Parameter C_IRQ_IS_LEVEL bound to: 1 - type: integer 
	Parameter C_IRQ_ACTIVE bound to: 1'b1 
	Parameter C_DISABLE_SYNCHRONIZERS bound to: 0 - type: integer 
	Parameter C_MB_CLK_NOT_CONNECTED bound to: 1 - type: integer 
	Parameter C_HAS_FAST bound to: 0 - type: integer 
	Parameter C_EN_CASCADE_MODE bound to: 0 - type: integer 
	Parameter C_CASCADE_MASTER bound to: 0 - type: integer 
INFO: [Synth 8-3491] module 'axi_intc' declared at 'e:/Kaos_Tech/GitHub/100GBE-PYNQ/ZCU111/vivado/CMAC_SFP28/CMAC_SFP28.gen/sources_1/bd/sfp28/ipshared/802b/hdl/axi_intc_v4_1_vh_rfs.vhd:3452' bound to instance 'U0' of component 'axi_intc' [e:/Kaos_Tech/GitHub/100GBE-PYNQ/ZCU111/vivado/CMAC_SFP28/CMAC_SFP28.gen/sources_1/bd/sfp28/ip/sfp28_axi_intc_0_0/synth/sfp28_axi_intc_0_0.vhd:185]
INFO: [Synth 8-638] synthesizing module 'axi_intc' [e:/Kaos_Tech/GitHub/100GBE-PYNQ/ZCU111/vivado/CMAC_SFP28/CMAC_SFP28.gen/sources_1/bd/sfp28/ipshared/802b/hdl/axi_intc_v4_1_vh_rfs.vhd:3553]
INFO: [Synth 8-638] synthesizing module 'intc_core' [e:/Kaos_Tech/GitHub/100GBE-PYNQ/ZCU111/vivado/CMAC_SFP28/CMAC_SFP28.gen/sources_1/bd/sfp28/ipshared/802b/hdl/axi_intc_v4_1_vh_rfs.vhd:794]
INFO: [Synth 8-256] done synthesizing module 'intc_core' (0#1) [e:/Kaos_Tech/GitHub/100GBE-PYNQ/ZCU111/vivado/CMAC_SFP28/CMAC_SFP28.gen/sources_1/bd/sfp28/ipshared/802b/hdl/axi_intc_v4_1_vh_rfs.vhd:794]
INFO: [Synth 8-638] synthesizing module 'axi_lite_ipif' [e:/Kaos_Tech/GitHub/100GBE-PYNQ/ZCU111/vivado/CMAC_SFP28/CMAC_SFP28.gen/sources_1/bd/sfp28/ipshared/66ea/hdl/axi_lite_ipif_v3_0_vh_rfs.vhd:2948]
INFO: [Synth 8-638] synthesizing module 'slave_attachment' [e:/Kaos_Tech/GitHub/100GBE-PYNQ/ZCU111/vivado/CMAC_SFP28/CMAC_SFP28.gen/sources_1/bd/sfp28/ipshared/66ea/hdl/axi_lite_ipif_v3_0_vh_rfs.vhd:2341]
INFO: [Synth 8-638] synthesizing module 'address_decoder' [e:/Kaos_Tech/GitHub/100GBE-PYNQ/ZCU111/vivado/CMAC_SFP28/CMAC_SFP28.gen/sources_1/bd/sfp28/ipshared/66ea/hdl/axi_lite_ipif_v3_0_vh_rfs.vhd:1775]
INFO: [Synth 8-638] synthesizing module 'pselect_f' [e:/Kaos_Tech/GitHub/100GBE-PYNQ/ZCU111/vivado/CMAC_SFP28/CMAC_SFP28.gen/sources_1/bd/sfp28/ipshared/66ea/hdl/axi_lite_ipif_v3_0_vh_rfs.vhd:1534]
INFO: [Synth 8-256] done synthesizing module 'pselect_f' (0#1) [e:/Kaos_Tech/GitHub/100GBE-PYNQ/ZCU111/vivado/CMAC_SFP28/CMAC_SFP28.gen/sources_1/bd/sfp28/ipshared/66ea/hdl/axi_lite_ipif_v3_0_vh_rfs.vhd:1534]
INFO: [Synth 8-638] synthesizing module 'pselect_f__parameterized0' [e:/Kaos_Tech/GitHub/100GBE-PYNQ/ZCU111/vivado/CMAC_SFP28/CMAC_SFP28.gen/sources_1/bd/sfp28/ipshared/66ea/hdl/axi_lite_ipif_v3_0_vh_rfs.vhd:1534]
INFO: [Synth 8-256] done synthesizing module 'pselect_f__parameterized0' (0#1) [e:/Kaos_Tech/GitHub/100GBE-PYNQ/ZCU111/vivado/CMAC_SFP28/CMAC_SFP28.gen/sources_1/bd/sfp28/ipshared/66ea/hdl/axi_lite_ipif_v3_0_vh_rfs.vhd:1534]
INFO: [Synth 8-638] synthesizing module 'pselect_f__parameterized1' [e:/Kaos_Tech/GitHub/100GBE-PYNQ/ZCU111/vivado/CMAC_SFP28/CMAC_SFP28.gen/sources_1/bd/sfp28/ipshared/66ea/hdl/axi_lite_ipif_v3_0_vh_rfs.vhd:1534]
INFO: [Synth 8-256] done synthesizing module 'pselect_f__parameterized1' (0#1) [e:/Kaos_Tech/GitHub/100GBE-PYNQ/ZCU111/vivado/CMAC_SFP28/CMAC_SFP28.gen/sources_1/bd/sfp28/ipshared/66ea/hdl/axi_lite_ipif_v3_0_vh_rfs.vhd:1534]
INFO: [Synth 8-638] synthesizing module 'pselect_f__parameterized2' [e:/Kaos_Tech/GitHub/100GBE-PYNQ/ZCU111/vivado/CMAC_SFP28/CMAC_SFP28.gen/sources_1/bd/sfp28/ipshared/66ea/hdl/axi_lite_ipif_v3_0_vh_rfs.vhd:1534]
INFO: [Synth 8-256] done synthesizing module 'pselect_f__parameterized2' (0#1) [e:/Kaos_Tech/GitHub/100GBE-PYNQ/ZCU111/vivado/CMAC_SFP28/CMAC_SFP28.gen/sources_1/bd/sfp28/ipshared/66ea/hdl/axi_lite_ipif_v3_0_vh_rfs.vhd:1534]
INFO: [Synth 8-638] synthesizing module 'pselect_f__parameterized3' [e:/Kaos_Tech/GitHub/100GBE-PYNQ/ZCU111/vivado/CMAC_SFP28/CMAC_SFP28.gen/sources_1/bd/sfp28/ipshared/66ea/hdl/axi_lite_ipif_v3_0_vh_rfs.vhd:1534]
INFO: [Synth 8-256] done synthesizing module 'pselect_f__parameterized3' (0#1) [e:/Kaos_Tech/GitHub/100GBE-PYNQ/ZCU111/vivado/CMAC_SFP28/CMAC_SFP28.gen/sources_1/bd/sfp28/ipshared/66ea/hdl/axi_lite_ipif_v3_0_vh_rfs.vhd:1534]
INFO: [Synth 8-638] synthesizing module 'pselect_f__parameterized4' [e:/Kaos_Tech/GitHub/100GBE-PYNQ/ZCU111/vivado/CMAC_SFP28/CMAC_SFP28.gen/sources_1/bd/sfp28/ipshared/66ea/hdl/axi_lite_ipif_v3_0_vh_rfs.vhd:1534]
INFO: [Synth 8-256] done synthesizing module 'pselect_f__parameterized4' (0#1) [e:/Kaos_Tech/GitHub/100GBE-PYNQ/ZCU111/vivado/CMAC_SFP28/CMAC_SFP28.gen/sources_1/bd/sfp28/ipshared/66ea/hdl/axi_lite_ipif_v3_0_vh_rfs.vhd:1534]
INFO: [Synth 8-638] synthesizing module 'pselect_f__parameterized5' [e:/Kaos_Tech/GitHub/100GBE-PYNQ/ZCU111/vivado/CMAC_SFP28/CMAC_SFP28.gen/sources_1/bd/sfp28/ipshared/66ea/hdl/axi_lite_ipif_v3_0_vh_rfs.vhd:1534]
INFO: [Synth 8-256] done synthesizing module 'pselect_f__parameterized5' (0#1) [e:/Kaos_Tech/GitHub/100GBE-PYNQ/ZCU111/vivado/CMAC_SFP28/CMAC_SFP28.gen/sources_1/bd/sfp28/ipshared/66ea/hdl/axi_lite_ipif_v3_0_vh_rfs.vhd:1534]
INFO: [Synth 8-638] synthesizing module 'pselect_f__parameterized6' [e:/Kaos_Tech/GitHub/100GBE-PYNQ/ZCU111/vivado/CMAC_SFP28/CMAC_SFP28.gen/sources_1/bd/sfp28/ipshared/66ea/hdl/axi_lite_ipif_v3_0_vh_rfs.vhd:1534]
INFO: [Synth 8-256] done synthesizing module 'pselect_f__parameterized6' (0#1) [e:/Kaos_Tech/GitHub/100GBE-PYNQ/ZCU111/vivado/CMAC_SFP28/CMAC_SFP28.gen/sources_1/bd/sfp28/ipshared/66ea/hdl/axi_lite_ipif_v3_0_vh_rfs.vhd:1534]
INFO: [Synth 8-638] synthesizing module 'pselect_f__parameterized7' [e:/Kaos_Tech/GitHub/100GBE-PYNQ/ZCU111/vivado/CMAC_SFP28/CMAC_SFP28.gen/sources_1/bd/sfp28/ipshared/66ea/hdl/axi_lite_ipif_v3_0_vh_rfs.vhd:1534]
INFO: [Synth 8-256] done synthesizing module 'pselect_f__parameterized7' (0#1) [e:/Kaos_Tech/GitHub/100GBE-PYNQ/ZCU111/vivado/CMAC_SFP28/CMAC_SFP28.gen/sources_1/bd/sfp28/ipshared/66ea/hdl/axi_lite_ipif_v3_0_vh_rfs.vhd:1534]
INFO: [Synth 8-638] synthesizing module 'pselect_f__parameterized8' [e:/Kaos_Tech/GitHub/100GBE-PYNQ/ZCU111/vivado/CMAC_SFP28/CMAC_SFP28.gen/sources_1/bd/sfp28/ipshared/66ea/hdl/axi_lite_ipif_v3_0_vh_rfs.vhd:1534]
INFO: [Synth 8-256] done synthesizing module 'pselect_f__parameterized8' (0#1) [e:/Kaos_Tech/GitHub/100GBE-PYNQ/ZCU111/vivado/CMAC_SFP28/CMAC_SFP28.gen/sources_1/bd/sfp28/ipshared/66ea/hdl/axi_lite_ipif_v3_0_vh_rfs.vhd:1534]
INFO: [Synth 8-638] synthesizing module 'pselect_f__parameterized9' [e:/Kaos_Tech/GitHub/100GBE-PYNQ/ZCU111/vivado/CMAC_SFP28/CMAC_SFP28.gen/sources_1/bd/sfp28/ipshared/66ea/hdl/axi_lite_ipif_v3_0_vh_rfs.vhd:1534]
INFO: [Synth 8-256] done synthesizing module 'pselect_f__parameterized9' (0#1) [e:/Kaos_Tech/GitHub/100GBE-PYNQ/ZCU111/vivado/CMAC_SFP28/CMAC_SFP28.gen/sources_1/bd/sfp28/ipshared/66ea/hdl/axi_lite_ipif_v3_0_vh_rfs.vhd:1534]
INFO: [Synth 8-638] synthesizing module 'pselect_f__parameterized10' [e:/Kaos_Tech/GitHub/100GBE-PYNQ/ZCU111/vivado/CMAC_SFP28/CMAC_SFP28.gen/sources_1/bd/sfp28/ipshared/66ea/hdl/axi_lite_ipif_v3_0_vh_rfs.vhd:1534]
INFO: [Synth 8-256] done synthesizing module 'pselect_f__parameterized10' (0#1) [e:/Kaos_Tech/GitHub/100GBE-PYNQ/ZCU111/vivado/CMAC_SFP28/CMAC_SFP28.gen/sources_1/bd/sfp28/ipshared/66ea/hdl/axi_lite_ipif_v3_0_vh_rfs.vhd:1534]
INFO: [Synth 8-638] synthesizing module 'pselect_f__parameterized11' [e:/Kaos_Tech/GitHub/100GBE-PYNQ/ZCU111/vivado/CMAC_SFP28/CMAC_SFP28.gen/sources_1/bd/sfp28/ipshared/66ea/hdl/axi_lite_ipif_v3_0_vh_rfs.vhd:1534]
INFO: [Synth 8-256] done synthesizing module 'pselect_f__parameterized11' (0#1) [e:/Kaos_Tech/GitHub/100GBE-PYNQ/ZCU111/vivado/CMAC_SFP28/CMAC_SFP28.gen/sources_1/bd/sfp28/ipshared/66ea/hdl/axi_lite_ipif_v3_0_vh_rfs.vhd:1534]
INFO: [Synth 8-638] synthesizing module 'pselect_f__parameterized12' [e:/Kaos_Tech/GitHub/100GBE-PYNQ/ZCU111/vivado/CMAC_SFP28/CMAC_SFP28.gen/sources_1/bd/sfp28/ipshared/66ea/hdl/axi_lite_ipif_v3_0_vh_rfs.vhd:1534]
INFO: [Synth 8-256] done synthesizing module 'pselect_f__parameterized12' (0#1) [e:/Kaos_Tech/GitHub/100GBE-PYNQ/ZCU111/vivado/CMAC_SFP28/CMAC_SFP28.gen/sources_1/bd/sfp28/ipshared/66ea/hdl/axi_lite_ipif_v3_0_vh_rfs.vhd:1534]
INFO: [Synth 8-638] synthesizing module 'pselect_f__parameterized13' [e:/Kaos_Tech/GitHub/100GBE-PYNQ/ZCU111/vivado/CMAC_SFP28/CMAC_SFP28.gen/sources_1/bd/sfp28/ipshared/66ea/hdl/axi_lite_ipif_v3_0_vh_rfs.vhd:1534]
INFO: [Synth 8-256] done synthesizing module 'pselect_f__parameterized13' (0#1) [e:/Kaos_Tech/GitHub/100GBE-PYNQ/ZCU111/vivado/CMAC_SFP28/CMAC_SFP28.gen/sources_1/bd/sfp28/ipshared/66ea/hdl/axi_lite_ipif_v3_0_vh_rfs.vhd:1534]
INFO: [Synth 8-638] synthesizing module 'pselect_f__parameterized14' [e:/Kaos_Tech/GitHub/100GBE-PYNQ/ZCU111/vivado/CMAC_SFP28/CMAC_SFP28.gen/sources_1/bd/sfp28/ipshared/66ea/hdl/axi_lite_ipif_v3_0_vh_rfs.vhd:1534]
INFO: [Synth 8-256] done synthesizing module 'pselect_f__parameterized14' (0#1) [e:/Kaos_Tech/GitHub/100GBE-PYNQ/ZCU111/vivado/CMAC_SFP28/CMAC_SFP28.gen/sources_1/bd/sfp28/ipshared/66ea/hdl/axi_lite_ipif_v3_0_vh_rfs.vhd:1534]
INFO: [Synth 8-638] synthesizing module 'pselect_f__parameterized15' [e:/Kaos_Tech/GitHub/100GBE-PYNQ/ZCU111/vivado/CMAC_SFP28/CMAC_SFP28.gen/sources_1/bd/sfp28/ipshared/66ea/hdl/axi_lite_ipif_v3_0_vh_rfs.vhd:1534]
INFO: [Synth 8-256] done synthesizing module 'pselect_f__parameterized15' (0#1) [e:/Kaos_Tech/GitHub/100GBE-PYNQ/ZCU111/vivado/CMAC_SFP28/CMAC_SFP28.gen/sources_1/bd/sfp28/ipshared/66ea/hdl/axi_lite_ipif_v3_0_vh_rfs.vhd:1534]
INFO: [Synth 8-638] synthesizing module 'pselect_f__parameterized16' [e:/Kaos_Tech/GitHub/100GBE-PYNQ/ZCU111/vivado/CMAC_SFP28/CMAC_SFP28.gen/sources_1/bd/sfp28/ipshared/66ea/hdl/axi_lite_ipif_v3_0_vh_rfs.vhd:1534]
INFO: [Synth 8-256] done synthesizing module 'pselect_f__parameterized16' (0#1) [e:/Kaos_Tech/GitHub/100GBE-PYNQ/ZCU111/vivado/CMAC_SFP28/CMAC_SFP28.gen/sources_1/bd/sfp28/ipshared/66ea/hdl/axi_lite_ipif_v3_0_vh_rfs.vhd:1534]
INFO: [Synth 8-638] synthesizing module 'pselect_f__parameterized17' [e:/Kaos_Tech/GitHub/100GBE-PYNQ/ZCU111/vivado/CMAC_SFP28/CMAC_SFP28.gen/sources_1/bd/sfp28/ipshared/66ea/hdl/axi_lite_ipif_v3_0_vh_rfs.vhd:1534]
INFO: [Synth 8-256] done synthesizing module 'pselect_f__parameterized17' (0#1) [e:/Kaos_Tech/GitHub/100GBE-PYNQ/ZCU111/vivado/CMAC_SFP28/CMAC_SFP28.gen/sources_1/bd/sfp28/ipshared/66ea/hdl/axi_lite_ipif_v3_0_vh_rfs.vhd:1534]
INFO: [Synth 8-638] synthesizing module 'pselect_f__parameterized18' [e:/Kaos_Tech/GitHub/100GBE-PYNQ/ZCU111/vivado/CMAC_SFP28/CMAC_SFP28.gen/sources_1/bd/sfp28/ipshared/66ea/hdl/axi_lite_ipif_v3_0_vh_rfs.vhd:1534]
INFO: [Synth 8-256] done synthesizing module 'pselect_f__parameterized18' (0#1) [e:/Kaos_Tech/GitHub/100GBE-PYNQ/ZCU111/vivado/CMAC_SFP28/CMAC_SFP28.gen/sources_1/bd/sfp28/ipshared/66ea/hdl/axi_lite_ipif_v3_0_vh_rfs.vhd:1534]
INFO: [Synth 8-638] synthesizing module 'pselect_f__parameterized19' [e:/Kaos_Tech/GitHub/100GBE-PYNQ/ZCU111/vivado/CMAC_SFP28/CMAC_SFP28.gen/sources_1/bd/sfp28/ipshared/66ea/hdl/axi_lite_ipif_v3_0_vh_rfs.vhd:1534]
INFO: [Synth 8-256] done synthesizing module 'pselect_f__parameterized19' (0#1) [e:/Kaos_Tech/GitHub/100GBE-PYNQ/ZCU111/vivado/CMAC_SFP28/CMAC_SFP28.gen/sources_1/bd/sfp28/ipshared/66ea/hdl/axi_lite_ipif_v3_0_vh_rfs.vhd:1534]
INFO: [Synth 8-256] done synthesizing module 'address_decoder' (0#1) [e:/Kaos_Tech/GitHub/100GBE-PYNQ/ZCU111/vivado/CMAC_SFP28/CMAC_SFP28.gen/sources_1/bd/sfp28/ipshared/66ea/hdl/axi_lite_ipif_v3_0_vh_rfs.vhd:1775]
INFO: [Synth 8-226] default block is never used [e:/Kaos_Tech/GitHub/100GBE-PYNQ/ZCU111/vivado/CMAC_SFP28/CMAC_SFP28.gen/sources_1/bd/sfp28/ipshared/66ea/hdl/axi_lite_ipif_v3_0_vh_rfs.vhd:2550]
INFO: [Synth 8-256] done synthesizing module 'slave_attachment' (0#1) [e:/Kaos_Tech/GitHub/100GBE-PYNQ/ZCU111/vivado/CMAC_SFP28/CMAC_SFP28.gen/sources_1/bd/sfp28/ipshared/66ea/hdl/axi_lite_ipif_v3_0_vh_rfs.vhd:2341]
INFO: [Synth 8-256] done synthesizing module 'axi_lite_ipif' (0#1) [e:/Kaos_Tech/GitHub/100GBE-PYNQ/ZCU111/vivado/CMAC_SFP28/CMAC_SFP28.gen/sources_1/bd/sfp28/ipshared/66ea/hdl/axi_lite_ipif_v3_0_vh_rfs.vhd:2948]
INFO: [Synth 8-256] done synthesizing module 'axi_intc' (0#1) [e:/Kaos_Tech/GitHub/100GBE-PYNQ/ZCU111/vivado/CMAC_SFP28/CMAC_SFP28.gen/sources_1/bd/sfp28/ipshared/802b/hdl/axi_intc_v4_1_vh_rfs.vhd:3553]
INFO: [Synth 8-256] done synthesizing module 'sfp28_axi_intc_0_0' (0#1) [e:/Kaos_Tech/GitHub/100GBE-PYNQ/ZCU111/vivado/CMAC_SFP28/CMAC_SFP28.gen/sources_1/bd/sfp28/ip/sfp28_axi_intc_0_0/synth/sfp28_axi_intc_0_0.vhd:85]
WARNING: [Synth 8-6014] Unused sequential element ack_or_reg was removed.  [e:/Kaos_Tech/GitHub/100GBE-PYNQ/ZCU111/vivado/CMAC_SFP28/CMAC_SFP28.gen/sources_1/bd/sfp28/ipshared/802b/hdl/axi_intc_v4_1_vh_rfs.vhd:2682]
WARNING: [Synth 8-7129] Port A[1] in module pselect_f__parameterized17 is either unconnected or has no load
WARNING: [Synth 8-7129] Port A[2] in module pselect_f__parameterized17 is either unconnected or has no load
WARNING: [Synth 8-7129] Port A[3] in module pselect_f__parameterized17 is either unconnected or has no load
WARNING: [Synth 8-7129] Port A[4] in module pselect_f__parameterized17 is either unconnected or has no load
WARNING: [Synth 8-7129] Port A[5] in module pselect_f__parameterized17 is either unconnected or has no load
WARNING: [Synth 8-7129] Port A[6] in module pselect_f__parameterized17 is either unconnected or has no load
WARNING: [Synth 8-7129] Port A[7] in module pselect_f__parameterized17 is either unconnected or has no load
WARNING: [Synth 8-7129] Port A[8] in module pselect_f__parameterized17 is either unconnected or has no load
WARNING: [Synth 8-7129] Port A[2] in module pselect_f__parameterized16 is either unconnected or has no load
WARNING: [Synth 8-7129] Port A[3] in module pselect_f__parameterized16 is either unconnected or has no load
WARNING: [Synth 8-7129] Port A[4] in module pselect_f__parameterized16 is either unconnected or has no load
WARNING: [Synth 8-7129] Port A[5] in module pselect_f__parameterized16 is either unconnected or has no load
WARNING: [Synth 8-7129] Port A[6] in module pselect_f__parameterized16 is either unconnected or has no load
WARNING: [Synth 8-7129] Port A[7] in module pselect_f__parameterized16 is either unconnected or has no load
WARNING: [Synth 8-7129] Port A[8] in module pselect_f__parameterized16 is either unconnected or has no load
WARNING: [Synth 8-7129] Port A[3] in module pselect_f is either unconnected or has no load
WARNING: [Synth 8-7129] Port A[4] in module pselect_f is either unconnected or has no load
WARNING: [Synth 8-7129] Port A[5] in module pselect_f is either unconnected or has no load
WARNING: [Synth 8-7129] Port A[6] in module pselect_f is either unconnected or has no load
WARNING: [Synth 8-7129] Port A[7] in module pselect_f is either unconnected or has no load
WARNING: [Synth 8-7129] Port A[8] in module pselect_f is either unconnected or has no load
WARNING: [Synth 8-7129] Port Bus_RNW in module address_decoder is either unconnected or has no load
WARNING: [Synth 8-7129] Port Bus2ip_rdce[3] in module intc_core is either unconnected or has no load
WARNING: [Synth 8-7129] Port Bus2ip_rdce[4] in module intc_core is either unconnected or has no load
WARNING: [Synth 8-7129] Port Bus2ip_rdce[5] in module intc_core is either unconnected or has no load
WARNING: [Synth 8-7129] Port Bus2ip_rdce[10] in module intc_core is either unconnected or has no load
WARNING: [Synth 8-7129] Port Bus2ip_rdce[11] in module intc_core is either unconnected or has no load
WARNING: [Synth 8-7129] Port Bus2ip_rdce[12] in module intc_core is either unconnected or has no load
WARNING: [Synth 8-7129] Port Bus2ip_rdce[13] in module intc_core is either unconnected or has no load
WARNING: [Synth 8-7129] Port Bus2ip_rdce[14] in module intc_core is either unconnected or has no load
WARNING: [Synth 8-7129] Port Bus2ip_rdce[15] in module intc_core is either unconnected or has no load
WARNING: [Synth 8-7129] Port Bus2ip_rdce[16] in module intc_core is either unconnected or has no load
WARNING: [Synth 8-7129] Port Bus2ip_rdce[17] in module intc_core is either unconnected or has no load
WARNING: [Synth 8-7129] Port Bus2ip_rdce[18] in module intc_core is either unconnected or has no load
WARNING: [Synth 8-7129] Port Bus2ip_wrce[1] in module intc_core is either unconnected or has no load
WARNING: [Synth 8-7129] Port Bus2ip_wrce[6] in module intc_core is either unconnected or has no load
WARNING: [Synth 8-7129] Port Bus2ip_wrce[8] in module intc_core is either unconnected or has no load
WARNING: [Synth 8-7129] Port Bus2ip_wrce[9] in module intc_core is either unconnected or has no load
WARNING: [Synth 8-7129] Port Bus2ip_wrce[10] in module intc_core is either unconnected or has no load
WARNING: [Synth 8-7129] Port Bus2ip_wrce[11] in module intc_core is either unconnected or has no load
WARNING: [Synth 8-7129] Port Bus2ip_wrce[12] in module intc_core is either unconnected or has no load
WARNING: [Synth 8-7129] Port Bus2ip_wrce[13] in module intc_core is either unconnected or has no load
WARNING: [Synth 8-7129] Port Bus2ip_wrce[14] in module intc_core is either unconnected or has no load
WARNING: [Synth 8-7129] Port Bus2ip_wrce[15] in module intc_core is either unconnected or has no load
WARNING: [Synth 8-7129] Port Bus2ip_wrce[16] in module intc_core is either unconnected or has no load
WARNING: [Synth 8-7129] Port Bus2ip_wrce[17] in module intc_core is either unconnected or has no load
WARNING: [Synth 8-7129] Port Bus2ip_wrce[18] in module intc_core is either unconnected or has no load
WARNING: [Synth 8-7129] Port Wr_data[31] in module intc_core is either unconnected or has no load
WARNING: [Synth 8-7129] Port Wr_data[30] in module intc_core is either unconnected or has no load
WARNING: [Synth 8-7129] Port Wr_data[29] in module intc_core is either unconnected or has no load
WARNING: [Synth 8-7129] Port Wr_data[28] in module intc_core is either unconnected or has no load
WARNING: [Synth 8-7129] Port Wr_data[27] in module intc_core is either unconnected or has no load
WARNING: [Synth 8-7129] Port Wr_data[26] in module intc_core is either unconnected or has no load
WARNING: [Synth 8-7129] Port Wr_data[25] in module intc_core is either unconnected or has no load
WARNING: [Synth 8-7129] Port Wr_data[24] in module intc_core is either unconnected or has no load
WARNING: [Synth 8-7129] Port Wr_data[23] in module intc_core is either unconnected or has no load
WARNING: [Synth 8-7129] Port Wr_data[22] in module intc_core is either unconnected or has no load
WARNING: [Synth 8-7129] Port Wr_data[21] in module intc_core is either unconnected or has no load
WARNING: [Synth 8-7129] Port Wr_data[20] in module intc_core is either unconnected or has no load
WARNING: [Synth 8-7129] Port Wr_data[19] in module intc_core is either unconnected or has no load
WARNING: [Synth 8-7129] Port Wr_data[18] in module intc_core is either unconnected or has no load
WARNING: [Synth 8-7129] Port Wr_data[17] in module intc_core is either unconnected or has no load
WARNING: [Synth 8-7129] Port Wr_data[16] in module intc_core is either unconnected or has no load
WARNING: [Synth 8-7129] Port Wr_data[15] in module intc_core is either unconnected or has no load
WARNING: [Synth 8-7129] Port Wr_data[14] in module intc_core is either unconnected or has no load
WARNING: [Synth 8-7129] Port Wr_data[13] in module intc_core is either unconnected or has no load
WARNING: [Synth 8-7129] Port Wr_data[12] in module intc_core is either unconnected or has no load
WARNING: [Synth 8-7129] Port Wr_data[11] in module intc_core is either unconnected or has no load
WARNING: [Synth 8-7129] Port Wr_data[10] in module intc_core is either unconnected or has no load
WARNING: [Synth 8-7129] Port Wr_data[9] in module intc_core is either unconnected or has no load
WARNING: [Synth 8-7129] Port Wr_data[8] in module intc_core is either unconnected or has no load
WARNING: [Synth 8-7129] Port Wr_data[7] in module intc_core is either unconnected or has no load
WARNING: [Synth 8-7129] Port Wr_data[6] in module intc_core is either unconnected or has no load
WARNING: [Synth 8-7129] Port Wr_data[5] in module intc_core is either unconnected or has no load
WARNING: [Synth 8-7129] Port Wr_data[4] in module intc_core is either unconnected or has no load
WARNING: [Synth 8-7129] Port Wr_data[3] in module intc_core is either unconnected or has no load
WARNING: [Synth 8-7129] Port Wr_data[2] in module intc_core is either unconnected or has no load
WARNING: [Synth 8-7129] Port Processor_clk in module intc_core is either unconnected or has no load
WARNING: [Synth 8-7129] Port processor_rst in module intc_core is either unconnected or has no load
WARNING: [Synth 8-7129] Port Processor_ack[1] in module intc_core is either unconnected or has no load
WARNING: [Synth 8-7129] Port Processor_ack[0] in module intc_core is either unconnected or has no load
WARNING: [Synth 8-7129] Port Interrupt_address_in[31] in module intc_core is either unconnected or has no load
WARNING: [Synth 8-7129] Port Interrupt_address_in[30] in module intc_core is either unconnected or has no load
WARNING: [Synth 8-7129] Port Interrupt_address_in[29] in module intc_core is either unconnected or has no load
WARNING: [Synth 8-7129] Port Interrupt_address_in[28] in module intc_core is either unconnected or has no load
WARNING: [Synth 8-7129] Port Interrupt_address_in[27] in module intc_core is either unconnected or has no load
WARNING: [Synth 8-7129] Port Interrupt_address_in[26] in module intc_core is either unconnected or has no load
WARNING: [Synth 8-7129] Port Interrupt_address_in[25] in module intc_core is either unconnected or has no load
WARNING: [Synth 8-7129] Port Interrupt_address_in[24] in module intc_core is either unconnected or has no load
WARNING: [Synth 8-7129] Port Interrupt_address_in[23] in module intc_core is either unconnected or has no load
WARNING: [Synth 8-7129] Port Interrupt_address_in[22] in module intc_core is either unconnected or has no load
WARNING: [Synth 8-7129] Port Interrupt_address_in[21] in module intc_core is either unconnected or has no load
WARNING: [Synth 8-7129] Port Interrupt_address_in[20] in module intc_core is either unconnected or has no load
WARNING: [Synth 8-7129] Port Interrupt_address_in[19] in module intc_core is either unconnected or has no load
WARNING: [Synth 8-7129] Port Interrupt_address_in[18] in module intc_core is either unconnected or has no load
WARNING: [Synth 8-7129] Port Interrupt_address_in[17] in module intc_core is either unconnected or has no load
WARNING: [Synth 8-7129] Port Interrupt_address_in[16] in module intc_core is either unconnected or has no load
WARNING: [Synth 8-7129] Port Interrupt_address_in[15] in module intc_core is either unconnected or has no load
WARNING: [Synth 8-7129] Port Interrupt_address_in[14] in module intc_core is either unconnected or has no load
WARNING: [Synth 8-7129] Port Interrupt_address_in[13] in module intc_core is either unconnected or has no load
INFO: [Common 17-14] Message 'Synth 8-7129' appears 100 times and further instances of the messages will be disabled. Use the Tcl command set_msg_config to change the current settings.
---------------------------------------------------------------------------------
Finished RTL Elaboration : Time (s): cpu = 00:00:10 ; elapsed = 00:00:18 . Memory (MB): peak = 3053.453 ; gain = 451.246
---------------------------------------------------------------------------------
---------------------------------------------------------------------------------
Start Handling Custom Attributes
---------------------------------------------------------------------------------
---------------------------------------------------------------------------------
Finished Handling Custom Attributes : Time (s): cpu = 00:00:10 ; elapsed = 00:00:18 . Memory (MB): peak = 3071.355 ; gain = 469.148
---------------------------------------------------------------------------------
---------------------------------------------------------------------------------
Finished RTL Optimization Phase 1 : Time (s): cpu = 00:00:10 ; elapsed = 00:00:18 . Memory (MB): peak = 3071.355 ; gain = 469.148
---------------------------------------------------------------------------------
Netlist sorting complete. Time (s): cpu = 00:00:00 ; elapsed = 00:00:00.028 . Memory (MB): peak = 3071.355 ; gain = 0.000
INFO: [Project 1-570] Preparing netlist for logic optimization

Processing XDC Constraints
Initializing timing engine
Parsing XDC File [e:/Kaos_Tech/GitHub/100GBE-PYNQ/ZCU111/vivado/CMAC_SFP28/CMAC_SFP28.gen/sources_1/bd/sfp28/ip/sfp28_axi_intc_0_0/sfp28_axi_intc_0_0_ooc.xdc] for cell 'U0'
create_clock: Time (s): cpu = 00:00:12 ; elapsed = 00:00:13 . Memory (MB): peak = 3191.484 ; gain = 0.039
Finished Parsing XDC File [e:/Kaos_Tech/GitHub/100GBE-PYNQ/ZCU111/vivado/CMAC_SFP28/CMAC_SFP28.gen/sources_1/bd/sfp28/ip/sfp28_axi_intc_0_0/sfp28_axi_intc_0_0_ooc.xdc] for cell 'U0'
Parsing XDC File [e:/Kaos_Tech/GitHub/100GBE-PYNQ/ZCU111/vivado/CMAC_SFP28/CMAC_SFP28.gen/sources_1/bd/sfp28/ip/sfp28_axi_intc_0_0/sfp28_axi_intc_0_0.xdc] for cell 'U0'
Finished Parsing XDC File [e:/Kaos_Tech/GitHub/100GBE-PYNQ/ZCU111/vivado/CMAC_SFP28/CMAC_SFP28.gen/sources_1/bd/sfp28/ip/sfp28_axi_intc_0_0/sfp28_axi_intc_0_0.xdc] for cell 'U0'
Parsing XDC File [E:/KaOs_Tech/GitHub/100GBE-PYNQ/ZCU111/vivado/CMAC_SFP28/CMAC_SFP28.runs/sfp28_axi_intc_0_0_synth_1/dont_touch.xdc]
Finished Parsing XDC File [E:/KaOs_Tech/GitHub/100GBE-PYNQ/ZCU111/vivado/CMAC_SFP28/CMAC_SFP28.runs/sfp28_axi_intc_0_0_synth_1/dont_touch.xdc]
Parsing XDC File [e:/Kaos_Tech/GitHub/100GBE-PYNQ/ZCU111/vivado/CMAC_SFP28/CMAC_SFP28.gen/sources_1/bd/sfp28/ip/sfp28_axi_intc_0_0/sfp28_axi_intc_0_0_clocks.xdc] for cell 'U0'
Finished Parsing XDC File [e:/Kaos_Tech/GitHub/100GBE-PYNQ/ZCU111/vivado/CMAC_SFP28/CMAC_SFP28.gen/sources_1/bd/sfp28/ip/sfp28_axi_intc_0_0/sfp28_axi_intc_0_0_clocks.xdc] for cell 'U0'
Completed Processing XDC Constraints

Netlist sorting complete. Time (s): cpu = 00:00:00 ; elapsed = 00:00:00 . Memory (MB): peak = 3191.484 ; gain = 0.000
INFO: [Project 1-111] Unisim Transformation Summary:
No Unisim elements were transformed.

Constraint Validation Runtime : Time (s): cpu = 00:00:00 ; elapsed = 00:00:00.045 . Memory (MB): peak = 3191.484 ; gain = 0.000
INFO: [Designutils 20-5008] Incremental synthesis strategy off
---------------------------------------------------------------------------------
Finished Constraint Validation : Time (s): cpu = 00:00:36 ; elapsed = 00:00:45 . Memory (MB): peak = 3191.484 ; gain = 589.277
---------------------------------------------------------------------------------
---------------------------------------------------------------------------------
Start Loading Part and Timing Information
---------------------------------------------------------------------------------
Loading part: xczu28dr-ffvg1517-2-e
INFO: [Synth 8-6742] Reading net delay rules and data
---------------------------------------------------------------------------------
Finished Loading Part and Timing Information : Time (s): cpu = 00:00:36 ; elapsed = 00:00:45 . Memory (MB): peak = 3191.484 ; gain = 589.277
---------------------------------------------------------------------------------
---------------------------------------------------------------------------------
Start Applying 'set_property' XDC Constraints
---------------------------------------------------------------------------------
Applied set_property KEEP_HIERARCHY = SOFT for U0. (constraint file  E:/KaOs_Tech/GitHub/100GBE-PYNQ/ZCU111/vivado/CMAC_SFP28/CMAC_SFP28.runs/sfp28_axi_intc_0_0_synth_1/dont_touch.xdc, line 9).
---------------------------------------------------------------------------------
Finished applying 'set_property' XDC Constraints : Time (s): cpu = 00:00:36 ; elapsed = 00:00:45 . Memory (MB): peak = 3191.484 ; gain = 589.277
---------------------------------------------------------------------------------
INFO: [Synth 8-802] inferred FSM for state register 'state_reg' in module 'slave_attachment'
---------------------------------------------------------------------------------------------------
                   State |                     New Encoding |                Previous Encoding 
---------------------------------------------------------------------------------------------------
                 iSTATE2 |                             0001 |                               00
                  iSTATE |                             0010 |                               01
                 iSTATE0 |                             0100 |                               10
                 iSTATE1 |                             1000 |                               11
---------------------------------------------------------------------------------------------------
INFO: [Synth 8-3354] encoded FSM with state register 'state_reg' using encoding 'one-hot' in module 'slave_attachment'
---------------------------------------------------------------------------------
Finished RTL Optimization Phase 2 : Time (s): cpu = 00:00:37 ; elapsed = 00:00:46 . Memory (MB): peak = 3191.484 ; gain = 589.277
---------------------------------------------------------------------------------
---------------------------------------------------------------------------------
Start RTL Component Statistics 
---------------------------------------------------------------------------------
Detailed RTL Component Info : 
+---Adders : 
	   2 Input    4 Bit       Adders := 1     
+---Registers : 
	               32 Bit    Registers := 2     
	                9 Bit    Registers := 1     
	                4 Bit    Registers := 1     
	                2 Bit    Registers := 4     
	                1 Bit    Registers := 50    
+---Muxes : 
	   7 Input   32 Bit        Muxes := 1     
	   2 Input   32 Bit        Muxes := 2     
	   2 Input   30 Bit        Muxes := 1     
	   2 Input    9 Bit        Muxes := 1     
	   4 Input    4 Bit        Muxes := 1     
	   2 Input    4 Bit        Muxes := 6     
	   2 Input    2 Bit        Muxes := 5     
	   3 Input    2 Bit        Muxes := 2     
	   4 Input    2 Bit        Muxes := 1     
	   2 Input    1 Bit        Muxes := 23    
	   4 Input    1 Bit        Muxes := 3     
---------------------------------------------------------------------------------
Finished RTL Component Statistics 
---------------------------------------------------------------------------------
---------------------------------------------------------------------------------
Start Part Resource Summary
---------------------------------------------------------------------------------
Part Resources:
DSPs: 4272 (col length:192)
BRAMs: 2160 (col length: RAMB18 192 RAMB36 96)
---------------------------------------------------------------------------------
Finished Part Resource Summary
---------------------------------------------------------------------------------
---------------------------------------------------------------------------------
Start Cross Boundary and Area Optimization
---------------------------------------------------------------------------------
WARNING: [Synth 8-7080] Parallel synthesis criteria is not met
---------------------------------------------------------------------------------
Finished Cross Boundary and Area Optimization : Time (s): cpu = 00:00:42 ; elapsed = 00:00:51 . Memory (MB): peak = 3191.484 ; gain = 589.277
---------------------------------------------------------------------------------
---------------------------------------------------------------------------------
Start Applying XDC Timing Constraints
---------------------------------------------------------------------------------
---------------------------------------------------------------------------------
Finished Applying XDC Timing Constraints : Time (s): cpu = 00:01:05 ; elapsed = 00:01:16 . Memory (MB): peak = 3508.309 ; gain = 906.102
---------------------------------------------------------------------------------
---------------------------------------------------------------------------------
Start Timing Optimization
---------------------------------------------------------------------------------
---------------------------------------------------------------------------------
Finished Timing Optimization : Time (s): cpu = 00:01:06 ; elapsed = 00:01:17 . Memory (MB): peak = 3541.180 ; gain = 938.973
---------------------------------------------------------------------------------
---------------------------------------------------------------------------------
Start Technology Mapping
---------------------------------------------------------------------------------
---------------------------------------------------------------------------------
Finished Technology Mapping : Time (s): cpu = 00:01:06 ; elapsed = 00:01:17 . Memory (MB): peak = 3541.195 ; gain = 938.988
---------------------------------------------------------------------------------
---------------------------------------------------------------------------------
Start IO Insertion
---------------------------------------------------------------------------------
---------------------------------------------------------------------------------
Start Flattening Before IO Insertion
---------------------------------------------------------------------------------
---------------------------------------------------------------------------------
Finished Flattening Before IO Insertion
---------------------------------------------------------------------------------
---------------------------------------------------------------------------------
Start Final Netlist Cleanup
---------------------------------------------------------------------------------
---------------------------------------------------------------------------------
Finished Final Netlist Cleanup
---------------------------------------------------------------------------------
---------------------------------------------------------------------------------
Finished IO Insertion : Time (s): cpu = 00:01:14 ; elapsed = 00:01:25 . Memory (MB): peak = 3541.195 ; gain = 938.988
---------------------------------------------------------------------------------
---------------------------------------------------------------------------------
Start Renaming Generated Instances
---------------------------------------------------------------------------------
---------------------------------------------------------------------------------
Finished Renaming Generated Instances : Time (s): cpu = 00:01:14 ; elapsed = 00:01:25 . Memory (MB): peak = 3541.195 ; gain = 938.988
---------------------------------------------------------------------------------
---------------------------------------------------------------------------------
Start Rebuilding User Hierarchy
---------------------------------------------------------------------------------
---------------------------------------------------------------------------------
Finished Rebuilding User Hierarchy : Time (s): cpu = 00:01:14 ; elapsed = 00:01:25 . Memory (MB): peak = 3541.195 ; gain = 938.988
---------------------------------------------------------------------------------
---------------------------------------------------------------------------------
Start Renaming Generated Ports
---------------------------------------------------------------------------------
---------------------------------------------------------------------------------
Finished Renaming Generated Ports : Time (s): cpu = 00:01:14 ; elapsed = 00:01:25 . Memory (MB): peak = 3541.195 ; gain = 938.988
---------------------------------------------------------------------------------
---------------------------------------------------------------------------------
Start Handling Custom Attributes
---------------------------------------------------------------------------------
---------------------------------------------------------------------------------
Finished Handling Custom Attributes : Time (s): cpu = 00:01:14 ; elapsed = 00:01:25 . Memory (MB): peak = 3541.195 ; gain = 938.988
---------------------------------------------------------------------------------
---------------------------------------------------------------------------------
Start Renaming Generated Nets
---------------------------------------------------------------------------------
---------------------------------------------------------------------------------
Finished Renaming Generated Nets : Time (s): cpu = 00:01:14 ; elapsed = 00:01:25 . Memory (MB): peak = 3541.195 ; gain = 938.988
---------------------------------------------------------------------------------
---------------------------------------------------------------------------------
Start Writing Synthesis Report
---------------------------------------------------------------------------------

Report BlackBoxes: 
+-+--------------+----------+
| |BlackBox name |Instances |
+-+--------------+----------+
+-+--------------+----------+

Report Cell Usage: 
+------+-----+------+
|      |Cell |Count |
+------+-----+------+
|1     |LUT1 |     2|
|2     |LUT2 |    14|
|3     |LUT3 |    16|
|4     |LUT4 |    13|
|5     |LUT5 |    39|
|6     |LUT6 |    19|
|7     |FDRE |    71|
|8     |FDSE |     2|
+------+-----+------+
---------------------------------------------------------------------------------
Finished Writing Synthesis Report : Time (s): cpu = 00:01:14 ; elapsed = 00:01:25 . Memory (MB): peak = 3541.195 ; gain = 938.988
---------------------------------------------------------------------------------
Synthesis finished with 0 errors, 0 critical warnings and 68 warnings.
Synthesis Optimization Runtime : Time (s): cpu = 00:00:48 ; elapsed = 00:01:09 . Memory (MB): peak = 3541.195 ; gain = 818.859
Synthesis Optimization Complete : Time (s): cpu = 00:01:14 ; elapsed = 00:01:26 . Memory (MB): peak = 3541.195 ; gain = 938.988
INFO: [Project 1-571] Translating synthesized netlist
Netlist sorting complete. Time (s): cpu = 00:00:00 ; elapsed = 00:00:00.009 . Memory (MB): peak = 3550.996 ; gain = 0.000
INFO: [Project 1-570] Preparing netlist for logic optimization
INFO: [Opt 31-138] Pushed 0 inverter(s) to 0 load pin(s).
Netlist sorting complete. Time (s): cpu = 00:00:00 ; elapsed = 00:00:00 . Memory (MB): peak = 3593.121 ; gain = 0.000
INFO: [Project 1-111] Unisim Transformation Summary:
No Unisim elements were transformed.

Synth Design complete | Checksum: 4c03ff9
INFO: [Common 17-83] Releasing license: Synthesis
74 Infos, 102 Warnings, 0 Critical Warnings and 0 Errors encountered.
synth_design completed successfully
synth_design: Time (s): cpu = 00:01:28 ; elapsed = 00:01:41 . Memory (MB): peak = 3593.121 ; gain = 2051.680
INFO: [Common 17-1381] The checkpoint 'E:/KaOs_Tech/GitHub/100GBE-PYNQ/ZCU111/vivado/CMAC_SFP28/CMAC_SFP28.runs/sfp28_axi_intc_0_0_synth_1/sfp28_axi_intc_0_0.dcp' has been generated.
INFO: [Coretcl 2-1648] Added synthesis output to IP cache for IP sfp28_axi_intc_0_0, cache-ID = ed2f74c5581116c5
INFO: [Coretcl 2-1174] Renamed 5 cell refs.
INFO: [Common 17-1381] The checkpoint 'E:/KaOs_Tech/GitHub/100GBE-PYNQ/ZCU111/vivado/CMAC_SFP28/CMAC_SFP28.runs/sfp28_axi_intc_0_0_synth_1/sfp28_axi_intc_0_0.dcp' has been generated.
INFO: [runtcl-4] Executing : report_utilization -file sfp28_axi_intc_0_0_utilization_synth.rpt -pb sfp28_axi_intc_0_0_utilization_synth.pb
INFO: [Common 17-206] Exiting Vivado at Mon Oct 28 12:47:56 2024...
